[2026-03-19T19:10:26.377+0000] {local_task_job_runner.py:120} INFO - ::group::Pre task execution logs
[2026-03-19T19:10:26.474+0000] {taskinstance.py:2076} INFO - Dependencies all met for dep_context=non-requeueable deps ti=<TaskInstance: stock_pipeline_dag.feature_engineering manual__2026-03-19T19:10:07.164065+00:00 [queued]>
[2026-03-19T19:10:26.490+0000] {taskinstance.py:2076} INFO - Dependencies all met for dep_context=requeueable deps ti=<TaskInstance: stock_pipeline_dag.feature_engineering manual__2026-03-19T19:10:07.164065+00:00 [queued]>
[2026-03-19T19:10:26.491+0000] {taskinstance.py:2306} INFO - Starting attempt 1 of 2
[2026-03-19T19:10:26.516+0000] {taskinstance.py:2330} INFO - Executing <Task(PythonOperator): feature_engineering> on 2026-03-19 19:10:07.164065+00:00
[2026-03-19T19:10:26.526+0000] {standard_task_runner.py:64} INFO - Started process 454 to run task
[2026-03-19T19:10:26.539+0000] {standard_task_runner.py:90} INFO - Running: ['***', 'tasks', 'run', 'stock_pipeline_dag', 'feature_engineering', 'manual__2026-03-19T19:10:07.164065+00:00', '--job-id', '45', '--raw', '--subdir', 'DAGS_FOLDER/stock_pipelines_dag.py', '--cfg-path', '/tmp/tmpopyzsg0h']
[2026-03-19T19:10:26.544+0000] {standard_task_runner.py:91} INFO - Job 45: Subtask feature_engineering
[2026-03-19T19:10:26.661+0000] {task_command.py:426} INFO - Running <TaskInstance: stock_pipeline_dag.feature_engineering manual__2026-03-19T19:10:07.164065+00:00 [running]> on host 43050641e3f2
[2026-03-19T19:10:26.815+0000] {taskinstance.py:2648} INFO - Exporting env vars: AIRFLOW_CTX_DAG_OWNER='***' AIRFLOW_CTX_DAG_ID='stock_pipeline_dag' AIRFLOW_CTX_TASK_ID='feature_engineering' AIRFLOW_CTX_EXECUTION_DATE='2026-03-19T19:10:07.164065+00:00' AIRFLOW_CTX_TRY_NUMBER='1' AIRFLOW_CTX_DAG_RUN_ID='manual__2026-03-19T19:10:07.164065+00:00'
[2026-03-19T19:10:26.816+0000] {taskinstance.py:430} INFO - ::endgroup::
[2026-03-19T19:10:28.354+0000] {logging_mixin.py:188} WARNING - /opt/***/project/processing/feature_engineering.py:20 UserWarning: pandas only supports SQLAlchemy connectable (engine/connection) or database string URI or sqlite3 DBAPI2 connection. Other DBAPI2 objects are not tested. Please consider using SQLAlchemy.
[2026-03-19T19:10:28.639+0000] {logging_mixin.py:188} WARNING - /opt/***/project/processing/feature_engineering.py:20 UserWarning: pandas only supports SQLAlchemy connectable (engine/connection) or database string URI or sqlite3 DBAPI2 connection. Other DBAPI2 objects are not tested. Please consider using SQLAlchemy.
[2026-03-19T19:10:28.877+0000] {logging_mixin.py:188} WARNING - /opt/***/project/processing/feature_engineering.py:20 UserWarning: pandas only supports SQLAlchemy connectable (engine/connection) or database string URI or sqlite3 DBAPI2 connection. Other DBAPI2 objects are not tested. Please consider using SQLAlchemy.
[2026-03-19T19:10:29.088+0000] {logging_mixin.py:188} WARNING - /opt/***/project/processing/feature_engineering.py:20 UserWarning: pandas only supports SQLAlchemy connectable (engine/connection) or database string URI or sqlite3 DBAPI2 connection. Other DBAPI2 objects are not tested. Please consider using SQLAlchemy.
[2026-03-19T19:10:29.291+0000] {logging_mixin.py:188} WARNING - /opt/***/project/processing/feature_engineering.py:20 UserWarning: pandas only supports SQLAlchemy connectable (engine/connection) or database string URI or sqlite3 DBAPI2 connection. Other DBAPI2 objects are not tested. Please consider using SQLAlchemy.
[2026-03-19T19:10:29.507+0000] {logging_mixin.py:188} WARNING - /opt/***/project/processing/feature_engineering.py:20 UserWarning: pandas only supports SQLAlchemy connectable (engine/connection) or database string URI or sqlite3 DBAPI2 connection. Other DBAPI2 objects are not tested. Please consider using SQLAlchemy.
[2026-03-19T19:10:29.833+0000] {logging_mixin.py:188} WARNING - /opt/***/project/processing/feature_engineering.py:20 UserWarning: pandas only supports SQLAlchemy connectable (engine/connection) or database string URI or sqlite3 DBAPI2 connection. Other DBAPI2 objects are not tested. Please consider using SQLAlchemy.
[2026-03-19T19:10:30.034+0000] {logging_mixin.py:188} WARNING - /opt/***/project/processing/feature_engineering.py:20 UserWarning: pandas only supports SQLAlchemy connectable (engine/connection) or database string URI or sqlite3 DBAPI2 connection. Other DBAPI2 objects are not tested. Please consider using SQLAlchemy.
[2026-03-19T19:10:30.295+0000] {logging_mixin.py:188} WARNING - /opt/***/project/processing/feature_engineering.py:20 UserWarning: pandas only supports SQLAlchemy connectable (engine/connection) or database string URI or sqlite3 DBAPI2 connection. Other DBAPI2 objects are not tested. Please consider using SQLAlchemy.
[2026-03-19T19:10:30.593+0000] {logging_mixin.py:188} WARNING - /opt/***/project/processing/feature_engineering.py:20 UserWarning: pandas only supports SQLAlchemy connectable (engine/connection) or database string URI or sqlite3 DBAPI2 connection. Other DBAPI2 objects are not tested. Please consider using SQLAlchemy.
[2026-03-19T19:10:30.789+0000] {python.py:237} INFO - Done. Returned value was: None
[2026-03-19T19:10:30.790+0000] {taskinstance.py:441} INFO - ::group::Post task execution logs
[2026-03-19T19:10:30.800+0000] {taskinstance.py:1206} INFO - Marking task as SUCCESS. dag_id=stock_pipeline_dag, task_id=feature_engineering, run_id=manual__2026-03-19T19:10:07.164065+00:00, execution_date=20260319T191007, start_date=20260319T191026, end_date=20260319T191030
[2026-03-19T19:10:30.853+0000] {local_task_job_runner.py:243} INFO - Task exited with return code 0
[2026-03-19T19:10:30.882+0000] {taskinstance.py:3503} INFO - 1 downstream tasks scheduled from follow-on schedule check
[2026-03-19T19:10:30.886+0000] {local_task_job_runner.py:222} INFO - ::endgroup::
