[2026-03-19T18:59:13.160+0000] {local_task_job_runner.py:120} INFO - ::group::Pre task execution logs
[2026-03-19T18:59:13.328+0000] {taskinstance.py:2076} INFO - Dependencies all met for dep_context=non-requeueable deps ti=<TaskInstance: stock_pipeline_dag.train_model manual__2026-03-19T18:58:11+00:00 [queued]>
[2026-03-19T18:59:13.371+0000] {taskinstance.py:2076} INFO - Dependencies all met for dep_context=requeueable deps ti=<TaskInstance: stock_pipeline_dag.train_model manual__2026-03-19T18:58:11+00:00 [queued]>
[2026-03-19T18:59:13.375+0000] {taskinstance.py:2306} INFO - Starting attempt 1 of 2
[2026-03-19T18:59:13.419+0000] {taskinstance.py:2330} INFO - Executing <Task(PythonOperator): train_model> on 2026-03-19 18:58:11+00:00
[2026-03-19T18:59:13.460+0000] {standard_task_runner.py:64} INFO - Started process 233 to run task
[2026-03-19T18:59:13.465+0000] {standard_task_runner.py:90} INFO - Running: ['***', 'tasks', 'run', 'stock_pipeline_dag', 'train_model', 'manual__2026-03-19T18:58:11+00:00', '--job-id', '41', '--raw', '--subdir', 'DAGS_FOLDER/stock_pipelines_dag.py', '--cfg-path', '/tmp/tmpmlowx19r']
[2026-03-19T18:59:13.485+0000] {standard_task_runner.py:91} INFO - Job 41: Subtask train_model
[2026-03-19T18:59:13.676+0000] {task_command.py:426} INFO - Running <TaskInstance: stock_pipeline_dag.train_model manual__2026-03-19T18:58:11+00:00 [running]> on host 43050641e3f2
[2026-03-19T18:59:14.090+0000] {taskinstance.py:2648} INFO - Exporting env vars: AIRFLOW_CTX_DAG_OWNER='***' AIRFLOW_CTX_DAG_ID='stock_pipeline_dag' AIRFLOW_CTX_TASK_ID='train_model' AIRFLOW_CTX_EXECUTION_DATE='2026-03-19T18:58:11+00:00' AIRFLOW_CTX_TRY_NUMBER='1' AIRFLOW_CTX_DAG_RUN_ID='manual__2026-03-19T18:58:11+00:00'
[2026-03-19T18:59:14.096+0000] {taskinstance.py:430} INFO - ::endgroup::
[2026-03-19T18:59:21.460+0000] {logging_mixin.py:188} INFO - Loading features...
[2026-03-19T18:59:21.586+0000] {logging_mixin.py:188} WARNING - /opt/***/project/models/train_model.py:30 UserWarning: pandas only supports SQLAlchemy connectable (engine/connection) or database string URI or sqlite3 DBAPI2 connection. Other DBAPI2 objects are not tested. Please consider using SQLAlchemy.
[2026-03-19T18:59:21.876+0000] {logging_mixin.py:188} INFO - Preparing dataset...
[2026-03-19T18:59:21.899+0000] {logging_mixin.py:188} INFO - Splitting dataset...
[2026-03-19T18:59:21.912+0000] {logging_mixin.py:188} INFO - Training model...
[2026-03-19T18:59:21.913+0000] {logging_mixin.py:188} INFO - Using XGBoost model
[2026-03-19T19:03:14.189+0000] {logging_mixin.py:188} INFO - Evaluating model...
[2026-03-19T19:03:14.458+0000] {logging_mixin.py:188} INFO - 
Model Performance
[2026-03-19T19:03:14.459+0000] {logging_mixin.py:188} INFO - -----------------
[2026-03-19T19:03:14.460+0000] {logging_mixin.py:188} INFO - MAE: 0.018701836007701925
[2026-03-19T19:03:14.460+0000] {logging_mixin.py:188} INFO - MSE: 0.0007137092592235262
[2026-03-19T19:03:14.477+0000] {logging_mixin.py:188} INFO - 
Feature Importance
[2026-03-19T19:03:14.478+0000] {logging_mixin.py:188} INFO - ------------------
[2026-03-19T19:03:14.504+0000] {logging_mixin.py:188} INFO - lag_1         0.132947
lag_10        0.123850
momentum      0.121859
lag_5         0.114918
volatility    0.109418
ma_7          0.106336
return_1d     0.103963
ma_21         0.096859
close         0.089850
dtype: float32
[2026-03-19T19:03:14.512+0000] {taskinstance.py:441} INFO - ::group::Post task execution logs
[2026-03-19T19:03:14.551+0000] {taskinstance.py:2905} ERROR - Task failed with exception
Traceback (most recent call last):
  File "/home/airflow/.local/lib/python3.11/site-packages/airflow/models/taskinstance.py", line 465, in _execute_task
    result = _execute_callable(context=context, **execute_callable_kwargs)
             ^^^^^^^^^^^^^^^^^^^^^^^^^^^^^^^^^^^^^^^^^^^^^^^^^^^^^^^^^^^^^
  File "/home/airflow/.local/lib/python3.11/site-packages/airflow/models/taskinstance.py", line 432, in _execute_callable
    return execute_callable(context=context, **execute_callable_kwargs)
           ^^^^^^^^^^^^^^^^^^^^^^^^^^^^^^^^^^^^^^^^^^^^^^^^^^^^^^^^^^^^
  File "/home/airflow/.local/lib/python3.11/site-packages/airflow/models/baseoperator.py", line 401, in wrapper
    return func(self, *args, **kwargs)
           ^^^^^^^^^^^^^^^^^^^^^^^^^^^
  File "/home/airflow/.local/lib/python3.11/site-packages/airflow/operators/python.py", line 235, in execute
    return_value = self.execute_callable()
                   ^^^^^^^^^^^^^^^^^^^^^^^
  File "/home/airflow/.local/lib/python3.11/site-packages/airflow/operators/python.py", line 252, in execute_callable
    return self.python_callable(*self.op_args, **self.op_kwargs)
           ^^^^^^^^^^^^^^^^^^^^^^^^^^^^^^^^^^^^^^^^^^^^^^^^^^^^^
  File "/opt/airflow/dags/stock_pipelines_dag.py", line 23, in run_training_safe
    main()
  File "/opt/airflow/project/models/train_model.py", line 159, in main
    save_model(model)
  File "/opt/airflow/project/models/train_model.py", line 130, in save_model
    joblib.dump(model, "models/model.pkl")
  File "/home/airflow/.local/lib/python3.11/site-packages/joblib/numpy_pickle.py", line 599, in dump
    with open(filename, "wb") as f:
         ^^^^^^^^^^^^^^^^^^^^
FileNotFoundError: [Errno 2] No such file or directory: 'models/model.pkl'
[2026-03-19T19:03:14.748+0000] {taskinstance.py:1206} INFO - Marking task as UP_FOR_RETRY. dag_id=stock_pipeline_dag, task_id=train_model, run_id=manual__2026-03-19T18:58:11+00:00, execution_date=20260319T185811, start_date=20260319T185913, end_date=20260319T190314
[2026-03-19T19:03:14.862+0000] {standard_task_runner.py:110} ERROR - Failed to execute job 41 for task train_model ([Errno 2] No such file or directory: 'models/model.pkl'; 233)
[2026-03-19T19:03:14.950+0000] {local_task_job_runner.py:243} INFO - Task exited with return code 1
[2026-03-19T19:03:15.092+0000] {taskinstance.py:3503} INFO - 0 downstream tasks scheduled from follow-on schedule check
[2026-03-19T19:03:15.097+0000] {local_task_job_runner.py:222} INFO - ::endgroup::
