[2026-03-19T14:28:35.748+0000] {local_task_job_runner.py:120} INFO - ::group::Pre task execution logs
[2026-03-19T14:28:36.247+0000] {taskinstance.py:2076} INFO - Dependencies all met for dep_context=non-requeueable deps ti=<TaskInstance: stock_pipeline_dag.fetch_stock_data manual__2026-03-19T14:28:31.646069+00:00 [queued]>
[2026-03-19T14:28:36.287+0000] {taskinstance.py:2076} INFO - Dependencies all met for dep_context=requeueable deps ti=<TaskInstance: stock_pipeline_dag.fetch_stock_data manual__2026-03-19T14:28:31.646069+00:00 [queued]>
[2026-03-19T14:28:36.292+0000] {taskinstance.py:2306} INFO - Starting attempt 1 of 2
[2026-03-19T14:28:36.350+0000] {taskinstance.py:2330} INFO - Executing <Task(PythonOperator): fetch_stock_data> on 2026-03-19 14:28:31.646069+00:00
[2026-03-19T14:28:36.381+0000] {standard_task_runner.py:64} INFO - Started process 190 to run task
[2026-03-19T14:28:36.411+0000] {standard_task_runner.py:90} INFO - Running: ['***', 'tasks', 'run', 'stock_pipeline_dag', 'fetch_stock_data', 'manual__2026-03-19T14:28:31.646069+00:00', '--job-id', '9', '--raw', '--subdir', 'DAGS_FOLDER/stock_pipelines_dag.py', '--cfg-path', '/tmp/tmpoz3zat9j']
[2026-03-19T14:28:36.452+0000] {standard_task_runner.py:91} INFO - Job 9: Subtask fetch_stock_data
[2026-03-19T14:28:36.747+0000] {task_command.py:426} INFO - Running <TaskInstance: stock_pipeline_dag.fetch_stock_data manual__2026-03-19T14:28:31.646069+00:00 [running]> on host 81d5c59ad35d
[2026-03-19T14:28:37.349+0000] {taskinstance.py:2648} INFO - Exporting env vars: AIRFLOW_CTX_DAG_OWNER='***' AIRFLOW_CTX_DAG_ID='stock_pipeline_dag' AIRFLOW_CTX_TASK_ID='fetch_stock_data' AIRFLOW_CTX_EXECUTION_DATE='2026-03-19T14:28:31.646069+00:00' AIRFLOW_CTX_TRY_NUMBER='1' AIRFLOW_CTX_DAG_RUN_ID='manual__2026-03-19T14:28:31.646069+00:00'
[2026-03-19T14:28:37.355+0000] {taskinstance.py:430} INFO - ::endgroup::
[2026-03-19T14:29:14.614+0000] {taskinstance.py:441} INFO - ::group::Post task execution logs
[2026-03-19T14:29:14.628+0000] {taskinstance.py:2905} ERROR - Task failed with exception
Traceback (most recent call last):
  File "/home/airflow/.local/lib/python3.11/site-packages/airflow/models/taskinstance.py", line 465, in _execute_task
    result = _execute_callable(context=context, **execute_callable_kwargs)
             ^^^^^^^^^^^^^^^^^^^^^^^^^^^^^^^^^^^^^^^^^^^^^^^^^^^^^^^^^^^^^
  File "/home/airflow/.local/lib/python3.11/site-packages/airflow/models/taskinstance.py", line 432, in _execute_callable
    return execute_callable(context=context, **execute_callable_kwargs)
           ^^^^^^^^^^^^^^^^^^^^^^^^^^^^^^^^^^^^^^^^^^^^^^^^^^^^^^^^^^^^
  File "/home/airflow/.local/lib/python3.11/site-packages/airflow/models/baseoperator.py", line 401, in wrapper
    return func(self, *args, **kwargs)
           ^^^^^^^^^^^^^^^^^^^^^^^^^^^
  File "/home/airflow/.local/lib/python3.11/site-packages/airflow/operators/python.py", line 235, in execute
    return_value = self.execute_callable()
                   ^^^^^^^^^^^^^^^^^^^^^^^
  File "/home/airflow/.local/lib/python3.11/site-packages/airflow/operators/python.py", line 252, in execute_callable
    return self.python_callable(*self.op_args, **self.op_kwargs)
           ^^^^^^^^^^^^^^^^^^^^^^^^^^^^^^^^^^^^^^^^^^^^^^^^^^^^^
  File "/opt/airflow/dags/stock_pipelines_dag.py", line 10, in run_ingestion_safe
    run_ingestion()
  File "/opt/airflow/project/ingestion/fetch_stock_data.py", line 77, in run_ingestion
    df = fetch_stock_data(symbol)
         ^^^^^^^^^^^^^^^^^^^^^^^^
  File "/opt/airflow/project/ingestion/fetch_stock_data.py", line 8, in fetch_stock_data
    last_date = get_last_date(symbol)
                ^^^^^^^^^^^^^^^^^^^^^
  File "/opt/airflow/project/ingestion/fetch_stock_data.py", line 57, in get_last_date
    conn = get_connection()
           ^^^^^^^^^^^^^^^^
  File "/opt/airflow/project/database/db_connection.py", line 5, in get_connection
    conn = psycopg2.connect(
           ^^^^^^^^^^^^^^^^^
  File "/home/airflow/.local/lib/python3.11/site-packages/psycopg2/__init__.py", line 122, in connect
    conn = _connect(dsn, connection_factory=connection_factory, **kwasync)
           ^^^^^^^^^^^^^^^^^^^^^^^^^^^^^^^^^^^^^^^^^^^^^^^^^^^^^^^^^^^^^^^
psycopg2.OperationalError: connection to server at "localhost" (::1), port 5432 failed: Connection refused
	Is the server running on that host and accepting TCP/IP connections?
connection to server at "localhost" (127.0.0.1), port 5432 failed: Connection refused
	Is the server running on that host and accepting TCP/IP connections?

[2026-03-19T14:29:14.834+0000] {taskinstance.py:1206} INFO - Marking task as UP_FOR_RETRY. dag_id=stock_pipeline_dag, task_id=fetch_stock_data, run_id=manual__2026-03-19T14:28:31.646069+00:00, execution_date=20260319T142831, start_date=20260319T142836, end_date=20260319T142914
[2026-03-19T14:29:14.990+0000] {standard_task_runner.py:110} ERROR - Failed to execute job 9 for task fetch_stock_data (connection to server at "localhost" (::1), port 5432 failed: Connection refused
	Is the server running on that host and accepting TCP/IP connections?
connection to server at "localhost" (127.0.0.1), port 5432 failed: Connection refused
	Is the server running on that host and accepting TCP/IP connections?
; 190)
[2026-03-19T14:29:15.472+0000] {local_task_job_runner.py:243} INFO - Task exited with return code 1
[2026-03-19T14:29:15.762+0000] {taskinstance.py:3503} INFO - 0 downstream tasks scheduled from follow-on schedule check
[2026-03-19T14:29:15.768+0000] {local_task_job_runner.py:222} INFO - ::endgroup::
