[2026-03-19T18:58:24.048+0000] {local_task_job_runner.py:120} INFO - ::group::Pre task execution logs
[2026-03-19T18:58:24.143+0000] {taskinstance.py:2076} INFO - Dependencies all met for dep_context=non-requeueable deps ti=<TaskInstance: stock_pipeline_dag.train_model manual__2026-03-19T18:51:16+00:00 [queued]>
[2026-03-19T18:58:24.168+0000] {taskinstance.py:2076} INFO - Dependencies all met for dep_context=requeueable deps ti=<TaskInstance: stock_pipeline_dag.train_model manual__2026-03-19T18:51:16+00:00 [queued]>
[2026-03-19T18:58:24.178+0000] {taskinstance.py:2306} INFO - Starting attempt 2 of 2
[2026-03-19T18:58:24.214+0000] {taskinstance.py:2330} INFO - Executing <Task(PythonOperator): train_model> on 2026-03-19 18:51:16+00:00
[2026-03-19T18:58:24.261+0000] {standard_task_runner.py:64} INFO - Started process 182 to run task
[2026-03-19T18:58:24.266+0000] {standard_task_runner.py:90} INFO - Running: ['***', 'tasks', 'run', 'stock_pipeline_dag', 'train_model', 'manual__2026-03-19T18:51:16+00:00', '--job-id', '39', '--raw', '--subdir', 'DAGS_FOLDER/stock_pipelines_dag.py', '--cfg-path', '/tmp/tmph9x3apde']
[2026-03-19T18:58:24.281+0000] {standard_task_runner.py:91} INFO - Job 39: Subtask train_model
[2026-03-19T18:58:24.928+0000] {task_command.py:426} INFO - Running <TaskInstance: stock_pipeline_dag.train_model manual__2026-03-19T18:51:16+00:00 [running]> on host 43050641e3f2
[2026-03-19T18:58:25.199+0000] {taskinstance.py:2648} INFO - Exporting env vars: AIRFLOW_CTX_DAG_OWNER='***' AIRFLOW_CTX_DAG_ID='stock_pipeline_dag' AIRFLOW_CTX_TASK_ID='train_model' AIRFLOW_CTX_EXECUTION_DATE='2026-03-19T18:51:16+00:00' AIRFLOW_CTX_TRY_NUMBER='2' AIRFLOW_CTX_DAG_RUN_ID='manual__2026-03-19T18:51:16+00:00'
[2026-03-19T18:58:25.203+0000] {taskinstance.py:430} INFO - ::endgroup::
[2026-03-19T18:58:39.826+0000] {logging_mixin.py:188} INFO - Loading features...
[2026-03-19T18:58:39.893+0000] {logging_mixin.py:188} WARNING - /opt/***/project/models/train_model.py:30 UserWarning: pandas only supports SQLAlchemy connectable (engine/connection) or database string URI or sqlite3 DBAPI2 connection. Other DBAPI2 objects are not tested. Please consider using SQLAlchemy.
[2026-03-19T18:58:40.165+0000] {logging_mixin.py:188} INFO - Preparing dataset...
[2026-03-19T18:58:40.181+0000] {logging_mixin.py:188} INFO - Splitting dataset...
[2026-03-19T18:58:40.182+0000] {logging_mixin.py:188} INFO - Training model...
[2026-03-19T18:58:40.184+0000] {logging_mixin.py:188} INFO - Using XGBoost model
[2026-03-19T19:02:36.414+0000] {logging_mixin.py:188} INFO - Evaluating model...
[2026-03-19T19:02:37.600+0000] {logging_mixin.py:188} INFO - 
Model Performance
[2026-03-19T19:02:37.605+0000] {logging_mixin.py:188} INFO - -----------------
[2026-03-19T19:02:37.618+0000] {logging_mixin.py:188} INFO - MAE: 0.018701836007701925
[2026-03-19T19:02:37.618+0000] {logging_mixin.py:188} INFO - MSE: 0.0007137092592235262
[2026-03-19T19:02:37.737+0000] {logging_mixin.py:188} INFO - 
Feature Importance
[2026-03-19T19:02:37.745+0000] {logging_mixin.py:188} INFO - ------------------
[2026-03-19T19:02:37.843+0000] {logging_mixin.py:188} INFO - lag_1         0.132947
lag_10        0.123850
momentum      0.121859
lag_5         0.114918
volatility    0.109418
ma_7          0.106336
return_1d     0.103963
ma_21         0.096859
close         0.089850
dtype: float32
[2026-03-19T19:02:37.890+0000] {taskinstance.py:441} INFO - ::group::Post task execution logs
[2026-03-19T19:02:38.103+0000] {taskinstance.py:2905} ERROR - Task failed with exception
Traceback (most recent call last):
  File "/home/airflow/.local/lib/python3.11/site-packages/airflow/models/taskinstance.py", line 465, in _execute_task
    result = _execute_callable(context=context, **execute_callable_kwargs)
             ^^^^^^^^^^^^^^^^^^^^^^^^^^^^^^^^^^^^^^^^^^^^^^^^^^^^^^^^^^^^^
  File "/home/airflow/.local/lib/python3.11/site-packages/airflow/models/taskinstance.py", line 432, in _execute_callable
    return execute_callable(context=context, **execute_callable_kwargs)
           ^^^^^^^^^^^^^^^^^^^^^^^^^^^^^^^^^^^^^^^^^^^^^^^^^^^^^^^^^^^^
  File "/home/airflow/.local/lib/python3.11/site-packages/airflow/models/baseoperator.py", line 401, in wrapper
    return func(self, *args, **kwargs)
           ^^^^^^^^^^^^^^^^^^^^^^^^^^^
  File "/home/airflow/.local/lib/python3.11/site-packages/airflow/operators/python.py", line 235, in execute
    return_value = self.execute_callable()
                   ^^^^^^^^^^^^^^^^^^^^^^^
  File "/home/airflow/.local/lib/python3.11/site-packages/airflow/operators/python.py", line 252, in execute_callable
    return self.python_callable(*self.op_args, **self.op_kwargs)
           ^^^^^^^^^^^^^^^^^^^^^^^^^^^^^^^^^^^^^^^^^^^^^^^^^^^^^
  File "/opt/airflow/dags/stock_pipelines_dag.py", line 23, in run_training_safe
    main()
  File "/opt/airflow/project/models/train_model.py", line 159, in main
    save_model(model)
  File "/opt/airflow/project/models/train_model.py", line 130, in save_model
    joblib.dump(model, "models/model.pkl")
  File "/home/airflow/.local/lib/python3.11/site-packages/joblib/numpy_pickle.py", line 599, in dump
    with open(filename, "wb") as f:
         ^^^^^^^^^^^^^^^^^^^^
FileNotFoundError: [Errno 2] No such file or directory: 'models/model.pkl'
[2026-03-19T19:02:38.555+0000] {taskinstance.py:1206} INFO - Marking task as FAILED. dag_id=stock_pipeline_dag, task_id=train_model, run_id=manual__2026-03-19T18:51:16+00:00, execution_date=20260319T185116, start_date=20260319T185824, end_date=20260319T190238
[2026-03-19T19:02:38.852+0000] {standard_task_runner.py:110} ERROR - Failed to execute job 39 for task train_model ([Errno 2] No such file or directory: 'models/model.pkl'; 182)
[2026-03-19T19:02:39.288+0000] {local_task_job_runner.py:243} INFO - Task exited with return code 1
[2026-03-19T19:02:40.049+0000] {taskinstance.py:3503} INFO - 0 downstream tasks scheduled from follow-on schedule check
[2026-03-19T19:02:40.199+0000] {local_task_job_runner.py:222} INFO - ::endgroup::
