[2026-03-19T18:58:53.783+0000] {local_task_job_runner.py:120} INFO - ::group::Pre task execution logs
[2026-03-19T18:58:54.708+0000] {taskinstance.py:2076} INFO - Dependencies all met for dep_context=non-requeueable deps ti=<TaskInstance: stock_pipeline_dag.feature_engineering manual__2026-03-19T18:58:11+00:00 [queued]>
[2026-03-19T18:58:54.804+0000] {taskinstance.py:2076} INFO - Dependencies all met for dep_context=requeueable deps ti=<TaskInstance: stock_pipeline_dag.feature_engineering manual__2026-03-19T18:58:11+00:00 [queued]>
[2026-03-19T18:58:54.807+0000] {taskinstance.py:2306} INFO - Starting attempt 1 of 2
[2026-03-19T18:58:54.912+0000] {taskinstance.py:2330} INFO - Executing <Task(PythonOperator): feature_engineering> on 2026-03-19 18:58:11+00:00
[2026-03-19T18:58:54.944+0000] {standard_task_runner.py:64} INFO - Started process 225 to run task
[2026-03-19T18:58:54.997+0000] {standard_task_runner.py:90} INFO - Running: ['***', 'tasks', 'run', 'stock_pipeline_dag', 'feature_engineering', 'manual__2026-03-19T18:58:11+00:00', '--job-id', '40', '--raw', '--subdir', 'DAGS_FOLDER/stock_pipelines_dag.py', '--cfg-path', '/tmp/tmpvjwcrp9l']
[2026-03-19T18:58:55.023+0000] {standard_task_runner.py:91} INFO - Job 40: Subtask feature_engineering
[2026-03-19T18:58:55.259+0000] {task_command.py:426} INFO - Running <TaskInstance: stock_pipeline_dag.feature_engineering manual__2026-03-19T18:58:11+00:00 [running]> on host 43050641e3f2
[2026-03-19T18:58:56.095+0000] {taskinstance.py:2648} INFO - Exporting env vars: AIRFLOW_CTX_DAG_OWNER='***' AIRFLOW_CTX_DAG_ID='stock_pipeline_dag' AIRFLOW_CTX_TASK_ID='feature_engineering' AIRFLOW_CTX_EXECUTION_DATE='2026-03-19T18:58:11+00:00' AIRFLOW_CTX_TRY_NUMBER='1' AIRFLOW_CTX_DAG_RUN_ID='manual__2026-03-19T18:58:11+00:00'
[2026-03-19T18:58:56.115+0000] {taskinstance.py:430} INFO - ::endgroup::
[2026-03-19T18:59:06.120+0000] {logging_mixin.py:188} WARNING - /opt/***/project/processing/feature_engineering.py:20 UserWarning: pandas only supports SQLAlchemy connectable (engine/connection) or database string URI or sqlite3 DBAPI2 connection. Other DBAPI2 objects are not tested. Please consider using SQLAlchemy.
[2026-03-19T18:59:06.679+0000] {logging_mixin.py:188} WARNING - /opt/***/project/processing/feature_engineering.py:20 UserWarning: pandas only supports SQLAlchemy connectable (engine/connection) or database string URI or sqlite3 DBAPI2 connection. Other DBAPI2 objects are not tested. Please consider using SQLAlchemy.
[2026-03-19T18:59:07.043+0000] {logging_mixin.py:188} WARNING - /opt/***/project/processing/feature_engineering.py:20 UserWarning: pandas only supports SQLAlchemy connectable (engine/connection) or database string URI or sqlite3 DBAPI2 connection. Other DBAPI2 objects are not tested. Please consider using SQLAlchemy.
[2026-03-19T18:59:07.964+0000] {logging_mixin.py:188} WARNING - /opt/***/project/processing/feature_engineering.py:20 UserWarning: pandas only supports SQLAlchemy connectable (engine/connection) or database string URI or sqlite3 DBAPI2 connection. Other DBAPI2 objects are not tested. Please consider using SQLAlchemy.
[2026-03-19T18:59:08.823+0000] {logging_mixin.py:188} WARNING - /opt/***/project/processing/feature_engineering.py:20 UserWarning: pandas only supports SQLAlchemy connectable (engine/connection) or database string URI or sqlite3 DBAPI2 connection. Other DBAPI2 objects are not tested. Please consider using SQLAlchemy.
[2026-03-19T18:59:09.665+0000] {logging_mixin.py:188} WARNING - /opt/***/project/processing/feature_engineering.py:20 UserWarning: pandas only supports SQLAlchemy connectable (engine/connection) or database string URI or sqlite3 DBAPI2 connection. Other DBAPI2 objects are not tested. Please consider using SQLAlchemy.
[2026-03-19T18:59:10.061+0000] {logging_mixin.py:188} WARNING - /opt/***/project/processing/feature_engineering.py:20 UserWarning: pandas only supports SQLAlchemy connectable (engine/connection) or database string URI or sqlite3 DBAPI2 connection. Other DBAPI2 objects are not tested. Please consider using SQLAlchemy.
[2026-03-19T18:59:10.584+0000] {logging_mixin.py:188} WARNING - /opt/***/project/processing/feature_engineering.py:20 UserWarning: pandas only supports SQLAlchemy connectable (engine/connection) or database string URI or sqlite3 DBAPI2 connection. Other DBAPI2 objects are not tested. Please consider using SQLAlchemy.
[2026-03-19T18:59:11.259+0000] {logging_mixin.py:188} WARNING - /opt/***/project/processing/feature_engineering.py:20 UserWarning: pandas only supports SQLAlchemy connectable (engine/connection) or database string URI or sqlite3 DBAPI2 connection. Other DBAPI2 objects are not tested. Please consider using SQLAlchemy.
[2026-03-19T18:59:11.591+0000] {logging_mixin.py:188} WARNING - /opt/***/project/processing/feature_engineering.py:20 UserWarning: pandas only supports SQLAlchemy connectable (engine/connection) or database string URI or sqlite3 DBAPI2 connection. Other DBAPI2 objects are not tested. Please consider using SQLAlchemy.
[2026-03-19T18:59:11.808+0000] {python.py:237} INFO - Done. Returned value was: None
[2026-03-19T18:59:11.823+0000] {taskinstance.py:441} INFO - ::group::Post task execution logs
[2026-03-19T18:59:11.851+0000] {taskinstance.py:1206} INFO - Marking task as SUCCESS. dag_id=stock_pipeline_dag, task_id=feature_engineering, run_id=manual__2026-03-19T18:58:11+00:00, execution_date=20260319T185811, start_date=20260319T185854, end_date=20260319T185911
[2026-03-19T18:59:12.005+0000] {local_task_job_runner.py:243} INFO - Task exited with return code 0
[2026-03-19T18:59:12.106+0000] {taskinstance.py:3503} INFO - 0 downstream tasks scheduled from follow-on schedule check
[2026-03-19T18:59:12.124+0000] {local_task_job_runner.py:222} INFO - ::endgroup::
