[2026-03-19T18:22:39.845+0000] {local_task_job_runner.py:120} INFO - ::group::Pre task execution logs
[2026-03-19T18:22:40.891+0000] {taskinstance.py:2076} INFO - Dependencies all met for dep_context=non-requeueable deps ti=<TaskInstance: stock_pipeline_dag.fetch_stock_data manual__2026-03-19T18:22:31.920020+00:00 [queued]>
[2026-03-19T18:22:40.939+0000] {taskinstance.py:2076} INFO - Dependencies all met for dep_context=requeueable deps ti=<TaskInstance: stock_pipeline_dag.fetch_stock_data manual__2026-03-19T18:22:31.920020+00:00 [queued]>
[2026-03-19T18:22:40.944+0000] {taskinstance.py:2306} INFO - Starting attempt 1 of 2
[2026-03-19T18:22:41.080+0000] {taskinstance.py:2330} INFO - Executing <Task(PythonOperator): fetch_stock_data> on 2026-03-19 18:22:31.920020+00:00
[2026-03-19T18:22:41.124+0000] {standard_task_runner.py:64} INFO - Started process 197 to run task
[2026-03-19T18:22:41.187+0000] {standard_task_runner.py:90} INFO - Running: ['***', 'tasks', 'run', 'stock_pipeline_dag', 'fetch_stock_data', 'manual__2026-03-19T18:22:31.920020+00:00', '--job-id', '24', '--raw', '--subdir', 'DAGS_FOLDER/stock_pipelines_dag.py', '--cfg-path', '/tmp/tmpdgekn6cf']
[2026-03-19T18:22:41.213+0000] {standard_task_runner.py:91} INFO - Job 24: Subtask fetch_stock_data
[2026-03-19T18:22:41.636+0000] {task_command.py:426} INFO - Running <TaskInstance: stock_pipeline_dag.fetch_stock_data manual__2026-03-19T18:22:31.920020+00:00 [running]> on host 43050641e3f2
[2026-03-19T18:22:42.143+0000] {taskinstance.py:2648} INFO - Exporting env vars: AIRFLOW_CTX_DAG_OWNER='***' AIRFLOW_CTX_DAG_ID='stock_pipeline_dag' AIRFLOW_CTX_TASK_ID='fetch_stock_data' AIRFLOW_CTX_EXECUTION_DATE='2026-03-19T18:22:31.920020+00:00' AIRFLOW_CTX_TRY_NUMBER='1' AIRFLOW_CTX_DAG_RUN_ID='manual__2026-03-19T18:22:31.920020+00:00'
[2026-03-19T18:22:42.153+0000] {taskinstance.py:430} INFO - ::endgroup::
[2026-03-19T18:22:55.805+0000] {logging_mixin.py:188} WARNING - [*********************100%***********************]  1 of 1 completed
[2026-03-19T18:22:56.332+0000] {logging_mixin.py:188} WARNING - [*********************100%***********************]  1 of 1 completed
[2026-03-19T18:22:56.934+0000] {logging_mixin.py:188} WARNING - [*********************100%***********************]  1 of 1 completed
[2026-03-19T18:22:57.504+0000] {logging_mixin.py:188} WARNING - [*********************100%***********************]  1 of 1 completed
[2026-03-19T18:22:58.276+0000] {logging_mixin.py:188} WARNING - [*********************100%***********************]  1 of 1 completed
[2026-03-19T18:22:58.853+0000] {logging_mixin.py:188} WARNING - [*********************100%***********************]  1 of 1 completed
[2026-03-19T18:22:59.290+0000] {logging_mixin.py:188} WARNING - [*********************100%***********************]  1 of 1 completed
[2026-03-19T18:22:59.699+0000] {logging_mixin.py:188} WARNING - [*********************100%***********************]  1 of 1 completed
[2026-03-19T18:23:00.155+0000] {logging_mixin.py:188} WARNING - [*********************100%***********************]  1 of 1 completed
[2026-03-19T18:23:00.576+0000] {logging_mixin.py:188} WARNING - [*********************100%***********************]  1 of 1 completed
[2026-03-19T18:23:00.591+0000] {python.py:237} INFO - Done. Returned value was: None
[2026-03-19T18:23:00.592+0000] {taskinstance.py:441} INFO - ::group::Post task execution logs
[2026-03-19T18:23:00.610+0000] {taskinstance.py:1206} INFO - Marking task as SUCCESS. dag_id=stock_pipeline_dag, task_id=fetch_stock_data, run_id=manual__2026-03-19T18:22:31.920020+00:00, execution_date=20260319T182231, start_date=20260319T182240, end_date=20260319T182300
[2026-03-19T18:23:00.698+0000] {local_task_job_runner.py:243} INFO - Task exited with return code 0
[2026-03-19T18:23:00.766+0000] {taskinstance.py:3503} INFO - 0 downstream tasks scheduled from follow-on schedule check
[2026-03-19T18:23:00.772+0000] {local_task_job_runner.py:222} INFO - ::endgroup::
