[2026-03-19T18:51:45.947+0000] {local_task_job_runner.py:120} INFO - ::group::Pre task execution logs
[2026-03-19T18:51:46.039+0000] {taskinstance.py:2076} INFO - Dependencies all met for dep_context=non-requeueable deps ti=<TaskInstance: stock_pipeline_dag.fetch_stock_data manual__2026-03-19T18:51:16+00:00 [queued]>
[2026-03-19T18:51:46.059+0000] {taskinstance.py:2076} INFO - Dependencies all met for dep_context=requeueable deps ti=<TaskInstance: stock_pipeline_dag.fetch_stock_data manual__2026-03-19T18:51:16+00:00 [queued]>
[2026-03-19T18:51:46.061+0000] {taskinstance.py:2306} INFO - Starting attempt 1 of 2
[2026-03-19T18:51:46.088+0000] {taskinstance.py:2330} INFO - Executing <Task(PythonOperator): fetch_stock_data> on 2026-03-19 18:51:16+00:00
[2026-03-19T18:51:46.124+0000] {standard_task_runner.py:64} INFO - Started process 187 to run task
[2026-03-19T18:51:46.130+0000] {standard_task_runner.py:90} INFO - Running: ['***', 'tasks', 'run', 'stock_pipeline_dag', 'fetch_stock_data', 'manual__2026-03-19T18:51:16+00:00', '--job-id', '34', '--raw', '--subdir', 'DAGS_FOLDER/stock_pipelines_dag.py', '--cfg-path', '/tmp/tmpj06cyerk']
[2026-03-19T18:51:46.138+0000] {standard_task_runner.py:91} INFO - Job 34: Subtask fetch_stock_data
[2026-03-19T18:51:46.307+0000] {task_command.py:426} INFO - Running <TaskInstance: stock_pipeline_dag.fetch_stock_data manual__2026-03-19T18:51:16+00:00 [running]> on host 43050641e3f2
[2026-03-19T18:51:46.509+0000] {taskinstance.py:2648} INFO - Exporting env vars: AIRFLOW_CTX_DAG_OWNER='***' AIRFLOW_CTX_DAG_ID='stock_pipeline_dag' AIRFLOW_CTX_TASK_ID='fetch_stock_data' AIRFLOW_CTX_EXECUTION_DATE='2026-03-19T18:51:16+00:00' AIRFLOW_CTX_TRY_NUMBER='1' AIRFLOW_CTX_DAG_RUN_ID='manual__2026-03-19T18:51:16+00:00'
[2026-03-19T18:51:46.511+0000] {taskinstance.py:430} INFO - ::endgroup::
[2026-03-19T18:51:51.624+0000] {logging_mixin.py:188} WARNING - [*********************100%***********************]  1 of 1 completed
[2026-03-19T18:51:52.028+0000] {logging_mixin.py:188} WARNING - [*********************100%***********************]  1 of 1 completed
[2026-03-19T18:51:52.420+0000] {logging_mixin.py:188} WARNING - [*********************100%***********************]  1 of 1 completed
[2026-03-19T18:51:52.785+0000] {logging_mixin.py:188} WARNING - [*********************100%***********************]  1 of 1 completed
[2026-03-19T18:51:53.204+0000] {logging_mixin.py:188} WARNING - [*********************100%***********************]  1 of 1 completed
[2026-03-19T18:51:53.590+0000] {logging_mixin.py:188} WARNING - [*********************100%***********************]  1 of 1 completed
[2026-03-19T18:51:53.974+0000] {logging_mixin.py:188} WARNING - [*********************100%***********************]  1 of 1 completed
[2026-03-19T18:51:54.362+0000] {logging_mixin.py:188} WARNING - [*********************100%***********************]  1 of 1 completed
[2026-03-19T18:51:54.860+0000] {logging_mixin.py:188} WARNING - [*********************100%***********************]  1 of 1 completed
[2026-03-19T18:51:55.313+0000] {logging_mixin.py:188} WARNING - [*********************100%***********************]  1 of 1 completed
[2026-03-19T18:51:55.328+0000] {python.py:237} INFO - Done. Returned value was: None
[2026-03-19T18:51:55.330+0000] {taskinstance.py:441} INFO - ::group::Post task execution logs
[2026-03-19T18:51:55.350+0000] {taskinstance.py:1206} INFO - Marking task as SUCCESS. dag_id=stock_pipeline_dag, task_id=fetch_stock_data, run_id=manual__2026-03-19T18:51:16+00:00, execution_date=20260319T185116, start_date=20260319T185146, end_date=20260319T185155
[2026-03-19T18:51:55.457+0000] {local_task_job_runner.py:243} INFO - Task exited with return code 0
[2026-03-19T18:51:55.498+0000] {taskinstance.py:3503} INFO - 1 downstream tasks scheduled from follow-on schedule check
[2026-03-19T18:51:55.503+0000] {local_task_job_runner.py:222} INFO - ::endgroup::
