[2026-03-19T18:07:08.875+0000] {local_task_job_runner.py:120} INFO - ::group::Pre task execution logs
[2026-03-19T18:07:09.553+0000] {taskinstance.py:2076} INFO - Dependencies all met for dep_context=non-requeueable deps ti=<TaskInstance: stock_pipeline_dag.feature_engineering scheduled__2026-03-18T00:00:00+00:00 [queued]>
[2026-03-19T18:07:09.604+0000] {taskinstance.py:2076} INFO - Dependencies all met for dep_context=requeueable deps ti=<TaskInstance: stock_pipeline_dag.feature_engineering scheduled__2026-03-18T00:00:00+00:00 [queued]>
[2026-03-19T18:07:09.606+0000] {taskinstance.py:2306} INFO - Starting attempt 1 of 2
[2026-03-19T18:07:09.689+0000] {taskinstance.py:2330} INFO - Executing <Task(PythonOperator): feature_engineering> on 2026-03-18 00:00:00+00:00
[2026-03-19T18:07:09.709+0000] {standard_task_runner.py:64} INFO - Started process 303 to run task
[2026-03-19T18:07:09.802+0000] {standard_task_runner.py:90} INFO - Running: ['***', 'tasks', 'run', 'stock_pipeline_dag', 'feature_engineering', 'scheduled__2026-03-18T00:00:00+00:00', '--job-id', '13', '--raw', '--subdir', 'DAGS_FOLDER/stock_pipelines_dag.py', '--cfg-path', '/tmp/tmp05hw9zrc']
[2026-03-19T18:07:09.848+0000] {standard_task_runner.py:91} INFO - Job 13: Subtask feature_engineering
[2026-03-19T18:07:10.295+0000] {task_command.py:426} INFO - Running <TaskInstance: stock_pipeline_dag.feature_engineering scheduled__2026-03-18T00:00:00+00:00 [running]> on host 43050641e3f2
[2026-03-19T18:07:14.725+0000] {taskinstance.py:2648} INFO - Exporting env vars: AIRFLOW_CTX_DAG_OWNER='***' AIRFLOW_CTX_DAG_ID='stock_pipeline_dag' AIRFLOW_CTX_TASK_ID='feature_engineering' AIRFLOW_CTX_EXECUTION_DATE='2026-03-18T00:00:00+00:00' AIRFLOW_CTX_TRY_NUMBER='1' AIRFLOW_CTX_DAG_RUN_ID='scheduled__2026-03-18T00:00:00+00:00'
[2026-03-19T18:07:14.732+0000] {taskinstance.py:430} INFO - ::endgroup::
[2026-03-19T18:07:17.859+0000] {logging_mixin.py:188} WARNING - /opt/***/project/processing/feature_engineering.py:20 UserWarning: pandas only supports SQLAlchemy connectable (engine/connection) or database string URI or sqlite3 DBAPI2 connection. Other DBAPI2 objects are not tested. Please consider using SQLAlchemy.
[2026-03-19T18:07:18.635+0000] {logging_mixin.py:188} WARNING - /opt/***/project/processing/feature_engineering.py:20 UserWarning: pandas only supports SQLAlchemy connectable (engine/connection) or database string URI or sqlite3 DBAPI2 connection. Other DBAPI2 objects are not tested. Please consider using SQLAlchemy.
[2026-03-19T18:07:19.036+0000] {logging_mixin.py:188} WARNING - /opt/***/project/processing/feature_engineering.py:20 UserWarning: pandas only supports SQLAlchemy connectable (engine/connection) or database string URI or sqlite3 DBAPI2 connection. Other DBAPI2 objects are not tested. Please consider using SQLAlchemy.
[2026-03-19T18:07:19.382+0000] {logging_mixin.py:188} WARNING - /opt/***/project/processing/feature_engineering.py:20 UserWarning: pandas only supports SQLAlchemy connectable (engine/connection) or database string URI or sqlite3 DBAPI2 connection. Other DBAPI2 objects are not tested. Please consider using SQLAlchemy.
[2026-03-19T18:07:19.827+0000] {logging_mixin.py:188} WARNING - /opt/***/project/processing/feature_engineering.py:20 UserWarning: pandas only supports SQLAlchemy connectable (engine/connection) or database string URI or sqlite3 DBAPI2 connection. Other DBAPI2 objects are not tested. Please consider using SQLAlchemy.
[2026-03-19T18:07:20.250+0000] {logging_mixin.py:188} WARNING - /opt/***/project/processing/feature_engineering.py:20 UserWarning: pandas only supports SQLAlchemy connectable (engine/connection) or database string URI or sqlite3 DBAPI2 connection. Other DBAPI2 objects are not tested. Please consider using SQLAlchemy.
[2026-03-19T18:07:20.627+0000] {logging_mixin.py:188} WARNING - /opt/***/project/processing/feature_engineering.py:20 UserWarning: pandas only supports SQLAlchemy connectable (engine/connection) or database string URI or sqlite3 DBAPI2 connection. Other DBAPI2 objects are not tested. Please consider using SQLAlchemy.
[2026-03-19T18:07:21.056+0000] {logging_mixin.py:188} WARNING - /opt/***/project/processing/feature_engineering.py:20 UserWarning: pandas only supports SQLAlchemy connectable (engine/connection) or database string URI or sqlite3 DBAPI2 connection. Other DBAPI2 objects are not tested. Please consider using SQLAlchemy.
[2026-03-19T18:07:21.544+0000] {logging_mixin.py:188} WARNING - /opt/***/project/processing/feature_engineering.py:20 UserWarning: pandas only supports SQLAlchemy connectable (engine/connection) or database string URI or sqlite3 DBAPI2 connection. Other DBAPI2 objects are not tested. Please consider using SQLAlchemy.
[2026-03-19T18:07:22.047+0000] {logging_mixin.py:188} WARNING - /opt/***/project/processing/feature_engineering.py:20 UserWarning: pandas only supports SQLAlchemy connectable (engine/connection) or database string URI or sqlite3 DBAPI2 connection. Other DBAPI2 objects are not tested. Please consider using SQLAlchemy.
[2026-03-19T18:07:22.405+0000] {python.py:237} INFO - Done. Returned value was: None
[2026-03-19T18:07:22.406+0000] {taskinstance.py:441} INFO - ::group::Post task execution logs
[2026-03-19T18:07:22.421+0000] {taskinstance.py:1206} INFO - Marking task as SUCCESS. dag_id=stock_pipeline_dag, task_id=feature_engineering, run_id=scheduled__2026-03-18T00:00:00+00:00, execution_date=20260318T000000, start_date=20260319T180709, end_date=20260319T180722
[2026-03-19T18:07:22.473+0000] {local_task_job_runner.py:243} INFO - Task exited with return code 0
[2026-03-19T18:07:22.503+0000] {taskinstance.py:3503} INFO - 1 downstream tasks scheduled from follow-on schedule check
[2026-03-19T18:07:22.508+0000] {local_task_job_runner.py:222} INFO - ::endgroup::
