[2026-03-19T19:21:14.552+0000] {local_task_job_runner.py:120} INFO - ::group::Pre task execution logs
[2026-03-19T19:21:14.642+0000] {taskinstance.py:2076} INFO - Dependencies all met for dep_context=non-requeueable deps ti=<TaskInstance: stock_pipeline_dag.train_model manual__2026-03-19T19:20:31.434799+00:00 [queued]>
[2026-03-19T19:21:14.659+0000] {taskinstance.py:2076} INFO - Dependencies all met for dep_context=requeueable deps ti=<TaskInstance: stock_pipeline_dag.train_model manual__2026-03-19T19:20:31.434799+00:00 [queued]>
[2026-03-19T19:21:14.660+0000] {taskinstance.py:2306} INFO - Starting attempt 1 of 2
[2026-03-19T19:21:14.685+0000] {taskinstance.py:2330} INFO - Executing <Task(PythonOperator): train_model> on 2026-03-19 19:20:31.434799+00:00
[2026-03-19T19:21:14.709+0000] {standard_task_runner.py:64} INFO - Started process 625 to run task
[2026-03-19T19:21:14.714+0000] {standard_task_runner.py:90} INFO - Running: ['***', 'tasks', 'run', 'stock_pipeline_dag', 'train_model', 'manual__2026-03-19T19:20:31.434799+00:00', '--job-id', '50', '--raw', '--subdir', 'DAGS_FOLDER/stock_pipelines_dag.py', '--cfg-path', '/tmp/tmpyrxeze6p']
[2026-03-19T19:21:14.718+0000] {standard_task_runner.py:91} INFO - Job 50: Subtask train_model
[2026-03-19T19:21:14.824+0000] {task_command.py:426} INFO - Running <TaskInstance: stock_pipeline_dag.train_model manual__2026-03-19T19:20:31.434799+00:00 [running]> on host 43050641e3f2
[2026-03-19T19:21:14.962+0000] {taskinstance.py:2648} INFO - Exporting env vars: AIRFLOW_CTX_DAG_OWNER='***' AIRFLOW_CTX_DAG_ID='stock_pipeline_dag' AIRFLOW_CTX_TASK_ID='train_model' AIRFLOW_CTX_EXECUTION_DATE='2026-03-19T19:20:31.434799+00:00' AIRFLOW_CTX_TRY_NUMBER='1' AIRFLOW_CTX_DAG_RUN_ID='manual__2026-03-19T19:20:31.434799+00:00'
[2026-03-19T19:21:14.965+0000] {taskinstance.py:430} INFO - ::endgroup::
[2026-03-19T19:21:19.388+0000] {logging_mixin.py:188} INFO - Loading features...
[2026-03-19T19:21:19.408+0000] {logging_mixin.py:188} WARNING - /opt/***/project/models/train_model.py:31 UserWarning: pandas only supports SQLAlchemy connectable (engine/connection) or database string URI or sqlite3 DBAPI2 connection. Other DBAPI2 objects are not tested. Please consider using SQLAlchemy.
[2026-03-19T19:21:19.469+0000] {logging_mixin.py:188} INFO - Preparing dataset...
[2026-03-19T19:21:19.483+0000] {logging_mixin.py:188} INFO - Splitting dataset...
[2026-03-19T19:21:19.485+0000] {logging_mixin.py:188} INFO - Training model...
[2026-03-19T19:21:19.486+0000] {logging_mixin.py:188} INFO - Using XGBoost model
[2026-03-19T19:22:18.131+0000] {logging_mixin.py:188} INFO - Evaluating model...
[2026-03-19T19:22:18.621+0000] {logging_mixin.py:188} INFO - 
Model Performance
[2026-03-19T19:22:18.623+0000] {logging_mixin.py:188} INFO - -----------------
[2026-03-19T19:22:18.624+0000] {logging_mixin.py:188} INFO - MAE: 0.018701836007701925
[2026-03-19T19:22:18.625+0000] {logging_mixin.py:188} INFO - MSE: 0.0007137092592235262
[2026-03-19T19:22:18.674+0000] {logging_mixin.py:188} INFO - 
Feature Importance
[2026-03-19T19:22:18.677+0000] {logging_mixin.py:188} INFO - ------------------
[2026-03-19T19:22:18.706+0000] {logging_mixin.py:188} INFO - lag_1         0.132947
lag_10        0.123850
momentum      0.121859
lag_5         0.114918
volatility    0.109418
ma_7          0.106336
return_1d     0.103963
ma_21         0.096859
close         0.089850
dtype: float32
[2026-03-19T19:22:18.795+0000] {logging_mixin.py:188} INFO - 
Model saved to /opt/***/project/models/model.pkl
[2026-03-19T19:22:18.800+0000] {logging_mixin.py:188} INFO - 
Training completed.
[2026-03-19T19:22:18.833+0000] {python.py:237} INFO - Done. Returned value was: None
[2026-03-19T19:22:18.867+0000] {taskinstance.py:441} INFO - ::group::Post task execution logs
[2026-03-19T19:22:19.076+0000] {taskinstance.py:1206} INFO - Marking task as SUCCESS. dag_id=stock_pipeline_dag, task_id=train_model, run_id=manual__2026-03-19T19:20:31.434799+00:00, execution_date=20260319T192031, start_date=20260319T192114, end_date=20260319T192219
[2026-03-19T19:22:19.348+0000] {local_task_job_runner.py:243} INFO - Task exited with return code 0
[2026-03-19T19:22:19.488+0000] {taskinstance.py:3503} INFO - 0 downstream tasks scheduled from follow-on schedule check
[2026-03-19T19:22:19.494+0000] {local_task_job_runner.py:222} INFO - ::endgroup::
