[2026-03-19T18:09:37.402+0000] {local_task_job_runner.py:120} INFO - ::group::Pre task execution logs
[2026-03-19T18:09:37.474+0000] {taskinstance.py:2076} INFO - Dependencies all met for dep_context=non-requeueable deps ti=<TaskInstance: stock_pipeline_dag.feature_engineering manual__2026-03-19T18:04:02.348083+00:00 [queued]>
[2026-03-19T18:09:37.492+0000] {taskinstance.py:2076} INFO - Dependencies all met for dep_context=requeueable deps ti=<TaskInstance: stock_pipeline_dag.feature_engineering manual__2026-03-19T18:04:02.348083+00:00 [queued]>
[2026-03-19T18:09:37.494+0000] {taskinstance.py:2306} INFO - Starting attempt 1 of 2
[2026-03-19T18:09:37.528+0000] {taskinstance.py:2330} INFO - Executing <Task(PythonOperator): feature_engineering> on 2026-03-19 18:04:02.348083+00:00
[2026-03-19T18:09:37.543+0000] {standard_task_runner.py:64} INFO - Started process 352 to run task
[2026-03-19T18:09:37.553+0000] {standard_task_runner.py:90} INFO - Running: ['***', 'tasks', 'run', 'stock_pipeline_dag', 'feature_engineering', 'manual__2026-03-19T18:04:02.348083+00:00', '--job-id', '17', '--raw', '--subdir', 'DAGS_FOLDER/stock_pipelines_dag.py', '--cfg-path', '/tmp/tmpbuwf6tvl']
[2026-03-19T18:09:37.568+0000] {standard_task_runner.py:91} INFO - Job 17: Subtask feature_engineering
[2026-03-19T18:09:37.734+0000] {task_command.py:426} INFO - Running <TaskInstance: stock_pipeline_dag.feature_engineering manual__2026-03-19T18:04:02.348083+00:00 [running]> on host 43050641e3f2
[2026-03-19T18:09:38.285+0000] {taskinstance.py:2648} INFO - Exporting env vars: AIRFLOW_CTX_DAG_OWNER='***' AIRFLOW_CTX_DAG_ID='stock_pipeline_dag' AIRFLOW_CTX_TASK_ID='feature_engineering' AIRFLOW_CTX_EXECUTION_DATE='2026-03-19T18:04:02.348083+00:00' AIRFLOW_CTX_TRY_NUMBER='1' AIRFLOW_CTX_DAG_RUN_ID='manual__2026-03-19T18:04:02.348083+00:00'
[2026-03-19T18:09:38.286+0000] {taskinstance.py:430} INFO - ::endgroup::
[2026-03-19T18:09:39.378+0000] {logging_mixin.py:188} WARNING - /opt/***/project/processing/feature_engineering.py:20 UserWarning: pandas only supports SQLAlchemy connectable (engine/connection) or database string URI or sqlite3 DBAPI2 connection. Other DBAPI2 objects are not tested. Please consider using SQLAlchemy.
[2026-03-19T18:09:39.835+0000] {logging_mixin.py:188} WARNING - /opt/***/project/processing/feature_engineering.py:20 UserWarning: pandas only supports SQLAlchemy connectable (engine/connection) or database string URI or sqlite3 DBAPI2 connection. Other DBAPI2 objects are not tested. Please consider using SQLAlchemy.
[2026-03-19T18:09:40.405+0000] {logging_mixin.py:188} WARNING - /opt/***/project/processing/feature_engineering.py:20 UserWarning: pandas only supports SQLAlchemy connectable (engine/connection) or database string URI or sqlite3 DBAPI2 connection. Other DBAPI2 objects are not tested. Please consider using SQLAlchemy.
[2026-03-19T18:09:40.894+0000] {logging_mixin.py:188} WARNING - /opt/***/project/processing/feature_engineering.py:20 UserWarning: pandas only supports SQLAlchemy connectable (engine/connection) or database string URI or sqlite3 DBAPI2 connection. Other DBAPI2 objects are not tested. Please consider using SQLAlchemy.
[2026-03-19T18:09:41.280+0000] {logging_mixin.py:188} WARNING - /opt/***/project/processing/feature_engineering.py:20 UserWarning: pandas only supports SQLAlchemy connectable (engine/connection) or database string URI or sqlite3 DBAPI2 connection. Other DBAPI2 objects are not tested. Please consider using SQLAlchemy.
[2026-03-19T18:09:41.694+0000] {logging_mixin.py:188} WARNING - /opt/***/project/processing/feature_engineering.py:20 UserWarning: pandas only supports SQLAlchemy connectable (engine/connection) or database string URI or sqlite3 DBAPI2 connection. Other DBAPI2 objects are not tested. Please consider using SQLAlchemy.
[2026-03-19T18:09:42.127+0000] {logging_mixin.py:188} WARNING - /opt/***/project/processing/feature_engineering.py:20 UserWarning: pandas only supports SQLAlchemy connectable (engine/connection) or database string URI or sqlite3 DBAPI2 connection. Other DBAPI2 objects are not tested. Please consider using SQLAlchemy.
[2026-03-19T18:09:42.493+0000] {logging_mixin.py:188} WARNING - /opt/***/project/processing/feature_engineering.py:20 UserWarning: pandas only supports SQLAlchemy connectable (engine/connection) or database string URI or sqlite3 DBAPI2 connection. Other DBAPI2 objects are not tested. Please consider using SQLAlchemy.
[2026-03-19T18:09:42.853+0000] {logging_mixin.py:188} WARNING - /opt/***/project/processing/feature_engineering.py:20 UserWarning: pandas only supports SQLAlchemy connectable (engine/connection) or database string URI or sqlite3 DBAPI2 connection. Other DBAPI2 objects are not tested. Please consider using SQLAlchemy.
[2026-03-19T18:09:43.237+0000] {logging_mixin.py:188} WARNING - /opt/***/project/processing/feature_engineering.py:20 UserWarning: pandas only supports SQLAlchemy connectable (engine/connection) or database string URI or sqlite3 DBAPI2 connection. Other DBAPI2 objects are not tested. Please consider using SQLAlchemy.
[2026-03-19T18:09:43.554+0000] {python.py:237} INFO - Done. Returned value was: None
[2026-03-19T18:09:43.556+0000] {taskinstance.py:441} INFO - ::group::Post task execution logs
[2026-03-19T18:09:43.569+0000] {taskinstance.py:1206} INFO - Marking task as SUCCESS. dag_id=stock_pipeline_dag, task_id=feature_engineering, run_id=manual__2026-03-19T18:04:02.348083+00:00, execution_date=20260319T180402, start_date=20260319T180937, end_date=20260319T180943
[2026-03-19T18:09:43.621+0000] {local_task_job_runner.py:243} INFO - Task exited with return code 0
[2026-03-19T18:09:43.650+0000] {taskinstance.py:3503} INFO - 1 downstream tasks scheduled from follow-on schedule check
[2026-03-19T18:09:43.654+0000] {local_task_job_runner.py:222} INFO - ::endgroup::
