[2026-03-16T18:07:02.454+0000] {processor.py:161} INFO - Started process (PID=175) to work on /opt/airflow/dags/stock_pipelines_dag.py
[2026-03-16T18:07:02.462+0000] {processor.py:830} INFO - Processing file /opt/airflow/dags/stock_pipelines_dag.py for tasks to queue
[2026-03-16T18:07:02.491+0000] {logging_mixin.py:188} INFO - [2026-03-16T18:07:02.472+0000] {dagbag.py:538} INFO - Filling up the DagBag from /opt/airflow/dags/stock_pipelines_dag.py
[2026-03-16T18:07:02.667+0000] {logging_mixin.py:188} INFO - [2026-03-16T18:07:02.651+0000] {dagbag.py:348} ERROR - Failed to import: /opt/airflow/dags/stock_pipelines_dag.py
Traceback (most recent call last):
  File "/home/airflow/.local/lib/python3.8/site-packages/airflow/models/dagbag.py", line 344, in parse
    loader.exec_module(new_module)
  File "<frozen importlib._bootstrap_external>", line 843, in exec_module
  File "<frozen importlib._bootstrap>", line 219, in _call_with_frames_removed
  File "/opt/airflow/dags/stock_pipelines_dag.py", line 7, in <module>
    from Pipeline.ingestion.fetch_stock_data import fetch_stock_data
ModuleNotFoundError: No module named 'Pipeline'
[2026-03-16T18:07:02.671+0000] {processor.py:842} WARNING - No viable dags retrieved from /opt/airflow/dags/stock_pipelines_dag.py
[2026-03-16T18:07:03.009+0000] {processor.py:183} INFO - Processing /opt/airflow/dags/stock_pipelines_dag.py took 0.642 seconds
[2026-03-16T18:08:33.916+0000] {processor.py:161} INFO - Started process (PID=166) to work on /opt/airflow/dags/stock_pipelines_dag.py
[2026-03-16T18:08:33.919+0000] {processor.py:830} INFO - Processing file /opt/airflow/dags/stock_pipelines_dag.py for tasks to queue
[2026-03-16T18:08:33.922+0000] {logging_mixin.py:188} INFO - [2026-03-16T18:08:33.921+0000] {dagbag.py:538} INFO - Filling up the DagBag from /opt/airflow/dags/stock_pipelines_dag.py
[2026-03-16T18:08:33.969+0000] {logging_mixin.py:188} INFO - [2026-03-16T18:08:33.961+0000] {dagbag.py:348} ERROR - Failed to import: /opt/airflow/dags/stock_pipelines_dag.py
Traceback (most recent call last):
  File "/home/airflow/.local/lib/python3.8/site-packages/airflow/models/dagbag.py", line 344, in parse
    loader.exec_module(new_module)
  File "<frozen importlib._bootstrap_external>", line 843, in exec_module
  File "<frozen importlib._bootstrap>", line 219, in _call_with_frames_removed
  File "/opt/airflow/dags/stock_pipelines_dag.py", line 7, in <module>
    from Pipeline.ingestion.fetch_stock_data import fetch_stock_data
ModuleNotFoundError: No module named 'Pipeline'
[2026-03-16T18:08:33.972+0000] {processor.py:842} WARNING - No viable dags retrieved from /opt/airflow/dags/stock_pipelines_dag.py
[2026-03-16T18:08:34.019+0000] {processor.py:183} INFO - Processing /opt/airflow/dags/stock_pipelines_dag.py took 0.113 seconds
[2026-03-16T18:09:04.496+0000] {processor.py:161} INFO - Started process (PID=171) to work on /opt/airflow/dags/stock_pipelines_dag.py
[2026-03-16T18:09:04.503+0000] {processor.py:830} INFO - Processing file /opt/airflow/dags/stock_pipelines_dag.py for tasks to queue
[2026-03-16T18:09:04.515+0000] {logging_mixin.py:188} INFO - [2026-03-16T18:09:04.509+0000] {dagbag.py:538} INFO - Filling up the DagBag from /opt/airflow/dags/stock_pipelines_dag.py
[2026-03-16T18:09:04.619+0000] {logging_mixin.py:188} INFO - [2026-03-16T18:09:04.606+0000] {dagbag.py:348} ERROR - Failed to import: /opt/airflow/dags/stock_pipelines_dag.py
Traceback (most recent call last):
  File "/home/airflow/.local/lib/python3.8/site-packages/airflow/models/dagbag.py", line 344, in parse
    loader.exec_module(new_module)
  File "<frozen importlib._bootstrap_external>", line 843, in exec_module
  File "<frozen importlib._bootstrap>", line 219, in _call_with_frames_removed
  File "/opt/airflow/dags/stock_pipelines_dag.py", line 7, in <module>
    from Pipeline.ingestion.fetch_stock_data import fetch_stock_data
ModuleNotFoundError: No module named 'Pipeline'
[2026-03-16T18:09:04.622+0000] {processor.py:842} WARNING - No viable dags retrieved from /opt/airflow/dags/stock_pipelines_dag.py
[2026-03-16T18:09:04.871+0000] {processor.py:183} INFO - Processing /opt/airflow/dags/stock_pipelines_dag.py took 0.420 seconds
[2026-03-16T18:10:15.689+0000] {processor.py:161} INFO - Started process (PID=166) to work on /opt/airflow/dags/stock_pipelines_dag.py
[2026-03-16T18:10:15.698+0000] {processor.py:830} INFO - Processing file /opt/airflow/dags/stock_pipelines_dag.py for tasks to queue
[2026-03-16T18:10:15.710+0000] {logging_mixin.py:188} INFO - [2026-03-16T18:10:15.701+0000] {dagbag.py:538} INFO - Filling up the DagBag from /opt/airflow/dags/stock_pipelines_dag.py
[2026-03-16T18:10:15.788+0000] {logging_mixin.py:188} INFO - [2026-03-16T18:10:15.766+0000] {dagbag.py:348} ERROR - Failed to import: /opt/airflow/dags/stock_pipelines_dag.py
Traceback (most recent call last):
  File "/home/airflow/.local/lib/python3.8/site-packages/airflow/models/dagbag.py", line 344, in parse
    loader.exec_module(new_module)
  File "<frozen importlib._bootstrap_external>", line 843, in exec_module
  File "<frozen importlib._bootstrap>", line 219, in _call_with_frames_removed
  File "/opt/airflow/dags/stock_pipelines_dag.py", line 7, in <module>
    from Pipeline.ingestion.fetch_stock_data import fetch_stock_data
ModuleNotFoundError: No module named 'Pipeline'
[2026-03-16T18:10:15.791+0000] {processor.py:842} WARNING - No viable dags retrieved from /opt/airflow/dags/stock_pipelines_dag.py
[2026-03-16T18:10:15.852+0000] {processor.py:183} INFO - Processing /opt/airflow/dags/stock_pipelines_dag.py took 0.178 seconds
[2026-03-16T18:10:46.523+0000] {processor.py:161} INFO - Started process (PID=172) to work on /opt/airflow/dags/stock_pipelines_dag.py
[2026-03-16T18:10:46.531+0000] {processor.py:830} INFO - Processing file /opt/airflow/dags/stock_pipelines_dag.py for tasks to queue
[2026-03-16T18:10:46.546+0000] {logging_mixin.py:188} INFO - [2026-03-16T18:10:46.538+0000] {dagbag.py:538} INFO - Filling up the DagBag from /opt/airflow/dags/stock_pipelines_dag.py
[2026-03-16T18:10:46.631+0000] {logging_mixin.py:188} INFO - [2026-03-16T18:10:46.617+0000] {dagbag.py:348} ERROR - Failed to import: /opt/airflow/dags/stock_pipelines_dag.py
Traceback (most recent call last):
  File "/home/airflow/.local/lib/python3.8/site-packages/airflow/models/dagbag.py", line 344, in parse
    loader.exec_module(new_module)
  File "<frozen importlib._bootstrap_external>", line 843, in exec_module
  File "<frozen importlib._bootstrap>", line 219, in _call_with_frames_removed
  File "/opt/airflow/dags/stock_pipelines_dag.py", line 7, in <module>
    from Pipeline.ingestion.fetch_stock_data import fetch_stock_data
ModuleNotFoundError: No module named 'Pipeline'
[2026-03-16T18:10:46.634+0000] {processor.py:842} WARNING - No viable dags retrieved from /opt/airflow/dags/stock_pipelines_dag.py
[2026-03-16T18:10:46.889+0000] {processor.py:183} INFO - Processing /opt/airflow/dags/stock_pipelines_dag.py took 0.426 seconds
[2026-03-16T18:11:17.217+0000] {processor.py:161} INFO - Started process (PID=177) to work on /opt/airflow/dags/stock_pipelines_dag.py
[2026-03-16T18:11:17.221+0000] {processor.py:830} INFO - Processing file /opt/airflow/dags/stock_pipelines_dag.py for tasks to queue
[2026-03-16T18:11:17.223+0000] {logging_mixin.py:188} INFO - [2026-03-16T18:11:17.223+0000] {dagbag.py:538} INFO - Filling up the DagBag from /opt/airflow/dags/stock_pipelines_dag.py
[2026-03-16T18:11:17.267+0000] {logging_mixin.py:188} INFO - [2026-03-16T18:11:17.256+0000] {dagbag.py:348} ERROR - Failed to import: /opt/airflow/dags/stock_pipelines_dag.py
Traceback (most recent call last):
  File "/home/airflow/.local/lib/python3.8/site-packages/airflow/models/dagbag.py", line 344, in parse
    loader.exec_module(new_module)
  File "<frozen importlib._bootstrap_external>", line 843, in exec_module
  File "<frozen importlib._bootstrap>", line 219, in _call_with_frames_removed
  File "/opt/airflow/dags/stock_pipelines_dag.py", line 7, in <module>
    from Pipeline.ingestion.fetch_stock_data import fetch_stock_data
ModuleNotFoundError: No module named 'Pipeline'
[2026-03-16T18:11:17.270+0000] {processor.py:842} WARNING - No viable dags retrieved from /opt/airflow/dags/stock_pipelines_dag.py
[2026-03-16T18:11:17.319+0000] {processor.py:183} INFO - Processing /opt/airflow/dags/stock_pipelines_dag.py took 0.110 seconds
[2026-03-16T18:11:47.454+0000] {processor.py:161} INFO - Started process (PID=182) to work on /opt/airflow/dags/stock_pipelines_dag.py
[2026-03-16T18:11:47.455+0000] {processor.py:830} INFO - Processing file /opt/airflow/dags/stock_pipelines_dag.py for tasks to queue
[2026-03-16T18:11:47.457+0000] {logging_mixin.py:188} INFO - [2026-03-16T18:11:47.457+0000] {dagbag.py:538} INFO - Filling up the DagBag from /opt/airflow/dags/stock_pipelines_dag.py
[2026-03-16T18:11:47.505+0000] {logging_mixin.py:188} INFO - [2026-03-16T18:11:47.494+0000] {dagbag.py:348} ERROR - Failed to import: /opt/airflow/dags/stock_pipelines_dag.py
Traceback (most recent call last):
  File "/home/airflow/.local/lib/python3.8/site-packages/airflow/models/dagbag.py", line 344, in parse
    loader.exec_module(new_module)
  File "<frozen importlib._bootstrap_external>", line 843, in exec_module
  File "<frozen importlib._bootstrap>", line 219, in _call_with_frames_removed
  File "/opt/airflow/dags/stock_pipelines_dag.py", line 7, in <module>
    from Pipeline.ingestion.fetch_stock_data import fetch_stock_data
ModuleNotFoundError: No module named 'Pipeline'
[2026-03-16T18:11:47.508+0000] {processor.py:842} WARNING - No viable dags retrieved from /opt/airflow/dags/stock_pipelines_dag.py
[2026-03-16T18:11:47.553+0000] {processor.py:183} INFO - Processing /opt/airflow/dags/stock_pipelines_dag.py took 0.107 seconds
[2026-03-16T18:12:17.879+0000] {processor.py:161} INFO - Started process (PID=187) to work on /opt/airflow/dags/stock_pipelines_dag.py
[2026-03-16T18:12:17.882+0000] {processor.py:830} INFO - Processing file /opt/airflow/dags/stock_pipelines_dag.py for tasks to queue
[2026-03-16T18:12:17.883+0000] {logging_mixin.py:188} INFO - [2026-03-16T18:12:17.883+0000] {dagbag.py:538} INFO - Filling up the DagBag from /opt/airflow/dags/stock_pipelines_dag.py
[2026-03-16T18:12:17.929+0000] {logging_mixin.py:188} INFO - [2026-03-16T18:12:17.920+0000] {dagbag.py:348} ERROR - Failed to import: /opt/airflow/dags/stock_pipelines_dag.py
Traceback (most recent call last):
  File "/home/airflow/.local/lib/python3.8/site-packages/airflow/models/dagbag.py", line 344, in parse
    loader.exec_module(new_module)
  File "<frozen importlib._bootstrap_external>", line 843, in exec_module
  File "<frozen importlib._bootstrap>", line 219, in _call_with_frames_removed
  File "/opt/airflow/dags/stock_pipelines_dag.py", line 7, in <module>
    from Pipeline.ingestion.fetch_stock_data import fetch_stock_data
ModuleNotFoundError: No module named 'Pipeline'
[2026-03-16T18:12:17.932+0000] {processor.py:842} WARNING - No viable dags retrieved from /opt/airflow/dags/stock_pipelines_dag.py
[2026-03-16T18:12:17.972+0000] {processor.py:183} INFO - Processing /opt/airflow/dags/stock_pipelines_dag.py took 0.097 seconds
[2026-03-16T18:12:48.303+0000] {processor.py:161} INFO - Started process (PID=192) to work on /opt/airflow/dags/stock_pipelines_dag.py
[2026-03-16T18:12:48.306+0000] {processor.py:830} INFO - Processing file /opt/airflow/dags/stock_pipelines_dag.py for tasks to queue
[2026-03-16T18:12:48.312+0000] {logging_mixin.py:188} INFO - [2026-03-16T18:12:48.309+0000] {dagbag.py:538} INFO - Filling up the DagBag from /opt/airflow/dags/stock_pipelines_dag.py
[2026-03-16T18:12:48.376+0000] {logging_mixin.py:188} INFO - [2026-03-16T18:12:48.365+0000] {dagbag.py:348} ERROR - Failed to import: /opt/airflow/dags/stock_pipelines_dag.py
Traceback (most recent call last):
  File "/home/airflow/.local/lib/python3.8/site-packages/airflow/models/dagbag.py", line 344, in parse
    loader.exec_module(new_module)
  File "<frozen importlib._bootstrap_external>", line 843, in exec_module
  File "<frozen importlib._bootstrap>", line 219, in _call_with_frames_removed
  File "/opt/airflow/dags/stock_pipelines_dag.py", line 7, in <module>
    from Pipeline.ingestion.fetch_stock_data import fetch_stock_data
ModuleNotFoundError: No module named 'Pipeline'
[2026-03-16T18:12:48.379+0000] {processor.py:842} WARNING - No viable dags retrieved from /opt/airflow/dags/stock_pipelines_dag.py
[2026-03-16T18:12:48.464+0000] {processor.py:183} INFO - Processing /opt/airflow/dags/stock_pipelines_dag.py took 0.183 seconds
[2026-03-16T18:13:18.805+0000] {processor.py:161} INFO - Started process (PID=197) to work on /opt/airflow/dags/stock_pipelines_dag.py
[2026-03-16T18:13:18.808+0000] {processor.py:830} INFO - Processing file /opt/airflow/dags/stock_pipelines_dag.py for tasks to queue
[2026-03-16T18:13:18.810+0000] {logging_mixin.py:188} INFO - [2026-03-16T18:13:18.810+0000] {dagbag.py:538} INFO - Filling up the DagBag from /opt/airflow/dags/stock_pipelines_dag.py
[2026-03-16T18:13:18.837+0000] {logging_mixin.py:188} INFO - [2026-03-16T18:13:18.831+0000] {dagbag.py:348} ERROR - Failed to import: /opt/airflow/dags/stock_pipelines_dag.py
Traceback (most recent call last):
  File "/home/airflow/.local/lib/python3.8/site-packages/airflow/models/dagbag.py", line 344, in parse
    loader.exec_module(new_module)
  File "<frozen importlib._bootstrap_external>", line 843, in exec_module
  File "<frozen importlib._bootstrap>", line 219, in _call_with_frames_removed
  File "/opt/airflow/dags/stock_pipelines_dag.py", line 7, in <module>
    from Pipeline.ingestion.fetch_stock_data import fetch_stock_data
ModuleNotFoundError: No module named 'Pipeline'
[2026-03-16T18:13:18.839+0000] {processor.py:842} WARNING - No viable dags retrieved from /opt/airflow/dags/stock_pipelines_dag.py
[2026-03-16T18:13:18.904+0000] {processor.py:183} INFO - Processing /opt/airflow/dags/stock_pipelines_dag.py took 0.108 seconds
[2026-03-16T18:13:49.233+0000] {processor.py:161} INFO - Started process (PID=202) to work on /opt/airflow/dags/stock_pipelines_dag.py
[2026-03-16T18:13:49.238+0000] {processor.py:830} INFO - Processing file /opt/airflow/dags/stock_pipelines_dag.py for tasks to queue
[2026-03-16T18:13:49.247+0000] {logging_mixin.py:188} INFO - [2026-03-16T18:13:49.244+0000] {dagbag.py:538} INFO - Filling up the DagBag from /opt/airflow/dags/stock_pipelines_dag.py
[2026-03-16T18:13:49.304+0000] {logging_mixin.py:188} INFO - [2026-03-16T18:13:49.298+0000] {dagbag.py:348} ERROR - Failed to import: /opt/airflow/dags/stock_pipelines_dag.py
Traceback (most recent call last):
  File "/home/airflow/.local/lib/python3.8/site-packages/airflow/models/dagbag.py", line 344, in parse
    loader.exec_module(new_module)
  File "<frozen importlib._bootstrap_external>", line 843, in exec_module
  File "<frozen importlib._bootstrap>", line 219, in _call_with_frames_removed
  File "/opt/airflow/dags/stock_pipelines_dag.py", line 7, in <module>
    from Pipeline.ingestion.fetch_stock_data import fetch_stock_data
ModuleNotFoundError: No module named 'Pipeline'
[2026-03-16T18:13:49.306+0000] {processor.py:842} WARNING - No viable dags retrieved from /opt/airflow/dags/stock_pipelines_dag.py
[2026-03-16T18:13:49.492+0000] {processor.py:183} INFO - Processing /opt/airflow/dags/stock_pipelines_dag.py took 0.354 seconds
[2026-03-16T18:14:16.747+0000] {processor.py:161} INFO - Started process (PID=207) to work on /opt/airflow/dags/stock_pipelines_dag.py
[2026-03-16T18:14:16.756+0000] {processor.py:830} INFO - Processing file /opt/airflow/dags/stock_pipelines_dag.py for tasks to queue
[2026-03-16T18:14:16.772+0000] {logging_mixin.py:188} INFO - [2026-03-16T18:14:16.767+0000] {dagbag.py:538} INFO - Filling up the DagBag from /opt/airflow/dags/stock_pipelines_dag.py
[2026-03-16T18:14:16.870+0000] {logging_mixin.py:188} INFO - [2026-03-16T18:14:16.858+0000] {dagbag.py:348} ERROR - Failed to import: /opt/airflow/dags/stock_pipelines_dag.py
Traceback (most recent call last):
  File "/home/airflow/.local/lib/python3.8/site-packages/airflow/models/dagbag.py", line 344, in parse
    loader.exec_module(new_module)
  File "<frozen importlib._bootstrap_external>", line 843, in exec_module
  File "<frozen importlib._bootstrap>", line 219, in _call_with_frames_removed
  File "/opt/airflow/dags/stock_pipelines_dag.py", line 8, in <module>
    from Pipeline.ingestion.fetch_stock_data import fetch_stock_data
ModuleNotFoundError: No module named 'Pipeline'
[2026-03-16T18:14:16.877+0000] {processor.py:842} WARNING - No viable dags retrieved from /opt/airflow/dags/stock_pipelines_dag.py
[2026-03-16T18:14:17.094+0000] {processor.py:183} INFO - Processing /opt/airflow/dags/stock_pipelines_dag.py took 0.388 seconds
[2026-03-16T18:14:47.449+0000] {processor.py:161} INFO - Started process (PID=212) to work on /opt/airflow/dags/stock_pipelines_dag.py
[2026-03-16T18:14:47.453+0000] {processor.py:830} INFO - Processing file /opt/airflow/dags/stock_pipelines_dag.py for tasks to queue
[2026-03-16T18:14:47.455+0000] {logging_mixin.py:188} INFO - [2026-03-16T18:14:47.454+0000] {dagbag.py:538} INFO - Filling up the DagBag from /opt/airflow/dags/stock_pipelines_dag.py
[2026-03-16T18:14:47.488+0000] {logging_mixin.py:188} INFO - [2026-03-16T18:14:47.482+0000] {dagbag.py:348} ERROR - Failed to import: /opt/airflow/dags/stock_pipelines_dag.py
Traceback (most recent call last):
  File "/home/airflow/.local/lib/python3.8/site-packages/airflow/models/dagbag.py", line 344, in parse
    loader.exec_module(new_module)
  File "<frozen importlib._bootstrap_external>", line 843, in exec_module
  File "<frozen importlib._bootstrap>", line 219, in _call_with_frames_removed
  File "/opt/airflow/dags/stock_pipelines_dag.py", line 8, in <module>
    from Pipeline.ingestion.fetch_stock_data import fetch_stock_data
ModuleNotFoundError: No module named 'Pipeline'
[2026-03-16T18:14:47.490+0000] {processor.py:842} WARNING - No viable dags retrieved from /opt/airflow/dags/stock_pipelines_dag.py
[2026-03-16T18:14:47.574+0000] {processor.py:183} INFO - Processing /opt/airflow/dags/stock_pipelines_dag.py took 0.137 seconds
[2026-03-16T18:16:01.520+0000] {processor.py:161} INFO - Started process (PID=167) to work on /opt/airflow/dags/stock_pipelines_dag.py
[2026-03-16T18:16:01.524+0000] {processor.py:830} INFO - Processing file /opt/airflow/dags/stock_pipelines_dag.py for tasks to queue
[2026-03-16T18:16:01.527+0000] {logging_mixin.py:188} INFO - [2026-03-16T18:16:01.526+0000] {dagbag.py:538} INFO - Filling up the DagBag from /opt/airflow/dags/stock_pipelines_dag.py
[2026-03-16T18:16:01.579+0000] {logging_mixin.py:188} INFO - [2026-03-16T18:16:01.566+0000] {dagbag.py:348} ERROR - Failed to import: /opt/airflow/dags/stock_pipelines_dag.py
Traceback (most recent call last):
  File "/home/airflow/.local/lib/python3.8/site-packages/airflow/models/dagbag.py", line 344, in parse
    loader.exec_module(new_module)
  File "<frozen importlib._bootstrap_external>", line 843, in exec_module
  File "<frozen importlib._bootstrap>", line 219, in _call_with_frames_removed
  File "/opt/airflow/dags/stock_pipelines_dag.py", line 8, in <module>
    from Pipeline.ingestion.fetch_stock_data import fetch_stock_data
ModuleNotFoundError: No module named 'Pipeline'
[2026-03-16T18:16:01.581+0000] {processor.py:842} WARNING - No viable dags retrieved from /opt/airflow/dags/stock_pipelines_dag.py
[2026-03-16T18:16:01.676+0000] {processor.py:183} INFO - Processing /opt/airflow/dags/stock_pipelines_dag.py took 0.163 seconds
[2026-03-16T18:16:32.312+0000] {processor.py:161} INFO - Started process (PID=172) to work on /opt/airflow/dags/stock_pipelines_dag.py
[2026-03-16T18:16:32.319+0000] {processor.py:830} INFO - Processing file /opt/airflow/dags/stock_pipelines_dag.py for tasks to queue
[2026-03-16T18:16:32.329+0000] {logging_mixin.py:188} INFO - [2026-03-16T18:16:32.324+0000] {dagbag.py:538} INFO - Filling up the DagBag from /opt/airflow/dags/stock_pipelines_dag.py
[2026-03-16T18:16:32.404+0000] {logging_mixin.py:188} INFO - [2026-03-16T18:16:32.393+0000] {dagbag.py:348} ERROR - Failed to import: /opt/airflow/dags/stock_pipelines_dag.py
Traceback (most recent call last):
  File "/home/airflow/.local/lib/python3.8/site-packages/airflow/models/dagbag.py", line 344, in parse
    loader.exec_module(new_module)
  File "<frozen importlib._bootstrap_external>", line 843, in exec_module
  File "<frozen importlib._bootstrap>", line 219, in _call_with_frames_removed
  File "/opt/airflow/dags/stock_pipelines_dag.py", line 8, in <module>
    from Pipeline.ingestion.fetch_stock_data import fetch_stock_data
ModuleNotFoundError: No module named 'Pipeline'
[2026-03-16T18:16:32.407+0000] {processor.py:842} WARNING - No viable dags retrieved from /opt/airflow/dags/stock_pipelines_dag.py
[2026-03-16T18:16:32.558+0000] {processor.py:183} INFO - Processing /opt/airflow/dags/stock_pipelines_dag.py took 0.282 seconds
[2026-03-16T18:17:02.866+0000] {processor.py:161} INFO - Started process (PID=177) to work on /opt/airflow/dags/stock_pipelines_dag.py
[2026-03-16T18:17:02.869+0000] {processor.py:830} INFO - Processing file /opt/airflow/dags/stock_pipelines_dag.py for tasks to queue
[2026-03-16T18:17:02.873+0000] {logging_mixin.py:188} INFO - [2026-03-16T18:17:02.872+0000] {dagbag.py:538} INFO - Filling up the DagBag from /opt/airflow/dags/stock_pipelines_dag.py
[2026-03-16T18:17:02.906+0000] {logging_mixin.py:188} INFO - [2026-03-16T18:17:02.898+0000] {dagbag.py:348} ERROR - Failed to import: /opt/airflow/dags/stock_pipelines_dag.py
Traceback (most recent call last):
  File "/home/airflow/.local/lib/python3.8/site-packages/airflow/models/dagbag.py", line 344, in parse
    loader.exec_module(new_module)
  File "<frozen importlib._bootstrap_external>", line 843, in exec_module
  File "<frozen importlib._bootstrap>", line 219, in _call_with_frames_removed
  File "/opt/airflow/dags/stock_pipelines_dag.py", line 8, in <module>
    from Pipeline.ingestion.fetch_stock_data import fetch_stock_data
ModuleNotFoundError: No module named 'Pipeline'
[2026-03-16T18:17:02.908+0000] {processor.py:842} WARNING - No viable dags retrieved from /opt/airflow/dags/stock_pipelines_dag.py
[2026-03-16T18:17:02.959+0000] {processor.py:183} INFO - Processing /opt/airflow/dags/stock_pipelines_dag.py took 0.102 seconds
[2026-03-16T18:17:33.152+0000] {processor.py:161} INFO - Started process (PID=182) to work on /opt/airflow/dags/stock_pipelines_dag.py
[2026-03-16T18:17:33.155+0000] {processor.py:830} INFO - Processing file /opt/airflow/dags/stock_pipelines_dag.py for tasks to queue
[2026-03-16T18:17:33.158+0000] {logging_mixin.py:188} INFO - [2026-03-16T18:17:33.157+0000] {dagbag.py:538} INFO - Filling up the DagBag from /opt/airflow/dags/stock_pipelines_dag.py
[2026-03-16T18:17:33.189+0000] {logging_mixin.py:188} INFO - [2026-03-16T18:17:33.183+0000] {dagbag.py:348} ERROR - Failed to import: /opt/airflow/dags/stock_pipelines_dag.py
Traceback (most recent call last):
  File "/home/airflow/.local/lib/python3.8/site-packages/airflow/models/dagbag.py", line 344, in parse
    loader.exec_module(new_module)
  File "<frozen importlib._bootstrap_external>", line 843, in exec_module
  File "<frozen importlib._bootstrap>", line 219, in _call_with_frames_removed
  File "/opt/airflow/dags/stock_pipelines_dag.py", line 8, in <module>
    from Pipeline.ingestion.fetch_stock_data import fetch_stock_data
ModuleNotFoundError: No module named 'Pipeline'
[2026-03-16T18:17:33.192+0000] {processor.py:842} WARNING - No viable dags retrieved from /opt/airflow/dags/stock_pipelines_dag.py
[2026-03-16T18:17:33.254+0000] {processor.py:183} INFO - Processing /opt/airflow/dags/stock_pipelines_dag.py took 0.112 seconds
[2026-03-16T18:18:03.763+0000] {processor.py:161} INFO - Started process (PID=187) to work on /opt/airflow/dags/stock_pipelines_dag.py
[2026-03-16T18:18:03.765+0000] {processor.py:830} INFO - Processing file /opt/airflow/dags/stock_pipelines_dag.py for tasks to queue
[2026-03-16T18:18:03.767+0000] {logging_mixin.py:188} INFO - [2026-03-16T18:18:03.766+0000] {dagbag.py:538} INFO - Filling up the DagBag from /opt/airflow/dags/stock_pipelines_dag.py
[2026-03-16T18:18:03.792+0000] {logging_mixin.py:188} INFO - [2026-03-16T18:18:03.788+0000] {dagbag.py:348} ERROR - Failed to import: /opt/airflow/dags/stock_pipelines_dag.py
Traceback (most recent call last):
  File "/home/airflow/.local/lib/python3.8/site-packages/airflow/models/dagbag.py", line 344, in parse
    loader.exec_module(new_module)
  File "<frozen importlib._bootstrap_external>", line 843, in exec_module
  File "<frozen importlib._bootstrap>", line 219, in _call_with_frames_removed
  File "/opt/airflow/dags/stock_pipelines_dag.py", line 8, in <module>
    from Pipeline.ingestion.fetch_stock_data import fetch_stock_data
ModuleNotFoundError: No module named 'Pipeline'
[2026-03-16T18:18:03.794+0000] {processor.py:842} WARNING - No viable dags retrieved from /opt/airflow/dags/stock_pipelines_dag.py
[2026-03-16T18:18:03.837+0000] {processor.py:183} INFO - Processing /opt/airflow/dags/stock_pipelines_dag.py took 0.082 seconds
[2026-03-16T18:18:34.018+0000] {processor.py:161} INFO - Started process (PID=192) to work on /opt/airflow/dags/stock_pipelines_dag.py
[2026-03-16T18:18:34.020+0000] {processor.py:830} INFO - Processing file /opt/airflow/dags/stock_pipelines_dag.py for tasks to queue
[2026-03-16T18:18:34.022+0000] {logging_mixin.py:188} INFO - [2026-03-16T18:18:34.021+0000] {dagbag.py:538} INFO - Filling up the DagBag from /opt/airflow/dags/stock_pipelines_dag.py
[2026-03-16T18:18:34.060+0000] {logging_mixin.py:188} INFO - [2026-03-16T18:18:34.051+0000] {dagbag.py:348} ERROR - Failed to import: /opt/airflow/dags/stock_pipelines_dag.py
Traceback (most recent call last):
  File "/home/airflow/.local/lib/python3.8/site-packages/airflow/models/dagbag.py", line 344, in parse
    loader.exec_module(new_module)
  File "<frozen importlib._bootstrap_external>", line 843, in exec_module
  File "<frozen importlib._bootstrap>", line 219, in _call_with_frames_removed
  File "/opt/airflow/dags/stock_pipelines_dag.py", line 8, in <module>
    from Pipeline.ingestion.fetch_stock_data import fetch_stock_data
ModuleNotFoundError: No module named 'Pipeline'
[2026-03-16T18:18:34.062+0000] {processor.py:842} WARNING - No viable dags retrieved from /opt/airflow/dags/stock_pipelines_dag.py
[2026-03-16T18:18:34.115+0000] {processor.py:183} INFO - Processing /opt/airflow/dags/stock_pipelines_dag.py took 0.103 seconds
[2026-03-16T18:19:04.304+0000] {processor.py:161} INFO - Started process (PID=197) to work on /opt/airflow/dags/stock_pipelines_dag.py
[2026-03-16T18:19:04.307+0000] {processor.py:830} INFO - Processing file /opt/airflow/dags/stock_pipelines_dag.py for tasks to queue
[2026-03-16T18:19:04.310+0000] {logging_mixin.py:188} INFO - [2026-03-16T18:19:04.309+0000] {dagbag.py:538} INFO - Filling up the DagBag from /opt/airflow/dags/stock_pipelines_dag.py
[2026-03-16T18:19:04.344+0000] {logging_mixin.py:188} INFO - [2026-03-16T18:19:04.337+0000] {dagbag.py:348} ERROR - Failed to import: /opt/airflow/dags/stock_pipelines_dag.py
Traceback (most recent call last):
  File "/home/airflow/.local/lib/python3.8/site-packages/airflow/models/dagbag.py", line 344, in parse
    loader.exec_module(new_module)
  File "<frozen importlib._bootstrap_external>", line 843, in exec_module
  File "<frozen importlib._bootstrap>", line 219, in _call_with_frames_removed
  File "/opt/airflow/dags/stock_pipelines_dag.py", line 8, in <module>
    from Pipeline.ingestion.fetch_stock_data import fetch_stock_data
ModuleNotFoundError: No module named 'Pipeline'
[2026-03-16T18:19:04.345+0000] {processor.py:842} WARNING - No viable dags retrieved from /opt/airflow/dags/stock_pipelines_dag.py
[2026-03-16T18:19:04.392+0000] {processor.py:183} INFO - Processing /opt/airflow/dags/stock_pipelines_dag.py took 0.094 seconds
[2026-03-16T18:19:34.970+0000] {processor.py:161} INFO - Started process (PID=202) to work on /opt/airflow/dags/stock_pipelines_dag.py
[2026-03-16T18:19:34.974+0000] {processor.py:830} INFO - Processing file /opt/airflow/dags/stock_pipelines_dag.py for tasks to queue
[2026-03-16T18:19:34.981+0000] {logging_mixin.py:188} INFO - [2026-03-16T18:19:34.978+0000] {dagbag.py:538} INFO - Filling up the DagBag from /opt/airflow/dags/stock_pipelines_dag.py
[2026-03-16T18:19:35.027+0000] {logging_mixin.py:188} INFO - [2026-03-16T18:19:35.018+0000] {dagbag.py:348} ERROR - Failed to import: /opt/airflow/dags/stock_pipelines_dag.py
Traceback (most recent call last):
  File "/home/airflow/.local/lib/python3.8/site-packages/airflow/models/dagbag.py", line 344, in parse
    loader.exec_module(new_module)
  File "<frozen importlib._bootstrap_external>", line 843, in exec_module
  File "<frozen importlib._bootstrap>", line 219, in _call_with_frames_removed
  File "/opt/airflow/dags/stock_pipelines_dag.py", line 8, in <module>
    from Pipeline.ingestion.fetch_stock_data import fetch_stock_data
ModuleNotFoundError: No module named 'Pipeline'
[2026-03-16T18:19:35.029+0000] {processor.py:842} WARNING - No viable dags retrieved from /opt/airflow/dags/stock_pipelines_dag.py
[2026-03-16T18:19:35.142+0000] {processor.py:183} INFO - Processing /opt/airflow/dags/stock_pipelines_dag.py took 0.223 seconds
[2026-03-16T18:20:05.556+0000] {processor.py:161} INFO - Started process (PID=207) to work on /opt/airflow/dags/stock_pipelines_dag.py
[2026-03-16T18:20:05.558+0000] {processor.py:830} INFO - Processing file /opt/airflow/dags/stock_pipelines_dag.py for tasks to queue
[2026-03-16T18:20:05.560+0000] {logging_mixin.py:188} INFO - [2026-03-16T18:20:05.560+0000] {dagbag.py:538} INFO - Filling up the DagBag from /opt/airflow/dags/stock_pipelines_dag.py
[2026-03-16T18:20:05.603+0000] {logging_mixin.py:188} INFO - [2026-03-16T18:20:05.595+0000] {dagbag.py:348} ERROR - Failed to import: /opt/airflow/dags/stock_pipelines_dag.py
Traceback (most recent call last):
  File "/home/airflow/.local/lib/python3.8/site-packages/airflow/models/dagbag.py", line 344, in parse
    loader.exec_module(new_module)
  File "<frozen importlib._bootstrap_external>", line 843, in exec_module
  File "<frozen importlib._bootstrap>", line 219, in _call_with_frames_removed
  File "/opt/airflow/dags/stock_pipelines_dag.py", line 8, in <module>
    from Pipeline.ingestion.fetch_stock_data import fetch_stock_data
ModuleNotFoundError: No module named 'Pipeline'
[2026-03-16T18:20:05.607+0000] {processor.py:842} WARNING - No viable dags retrieved from /opt/airflow/dags/stock_pipelines_dag.py
[2026-03-16T18:20:05.761+0000] {processor.py:183} INFO - Processing /opt/airflow/dags/stock_pipelines_dag.py took 0.215 seconds
[2026-03-16T18:20:31.393+0000] {processor.py:161} INFO - Started process (PID=212) to work on /opt/airflow/dags/stock_pipelines_dag.py
[2026-03-16T18:20:31.429+0000] {processor.py:830} INFO - Processing file /opt/airflow/dags/stock_pipelines_dag.py for tasks to queue
[2026-03-16T18:20:31.442+0000] {logging_mixin.py:188} INFO - [2026-03-16T18:20:31.437+0000] {dagbag.py:538} INFO - Filling up the DagBag from /opt/airflow/dags/stock_pipelines_dag.py
[2026-03-16T18:20:31.584+0000] {logging_mixin.py:188} INFO - [2026-03-16T18:20:31.573+0000] {dagbag.py:348} ERROR - Failed to import: /opt/airflow/dags/stock_pipelines_dag.py
Traceback (most recent call last):
  File "/home/airflow/.local/lib/python3.8/site-packages/airflow/models/dagbag.py", line 344, in parse
    loader.exec_module(new_module)
  File "<frozen importlib._bootstrap_external>", line 843, in exec_module
  File "<frozen importlib._bootstrap>", line 219, in _call_with_frames_removed
  File "/opt/airflow/dags/stock_pipelines_dag.py", line 11, in <module>
    from Pipeline.ingestion.fetch_stock_data import fetch_stock_data
ModuleNotFoundError: No module named 'Pipeline'
[2026-03-16T18:20:31.587+0000] {processor.py:842} WARNING - No viable dags retrieved from /opt/airflow/dags/stock_pipelines_dag.py
[2026-03-16T18:20:31.764+0000] {processor.py:183} INFO - Processing /opt/airflow/dags/stock_pipelines_dag.py took 0.595 seconds
[2026-03-16T18:22:05.736+0000] {processor.py:161} INFO - Started process (PID=165) to work on /opt/airflow/dags/stock_pipelines_dag.py
[2026-03-16T18:22:05.742+0000] {processor.py:830} INFO - Processing file /opt/airflow/dags/stock_pipelines_dag.py for tasks to queue
[2026-03-16T18:22:05.759+0000] {logging_mixin.py:188} INFO - [2026-03-16T18:22:05.750+0000] {dagbag.py:538} INFO - Filling up the DagBag from /opt/airflow/dags/stock_pipelines_dag.py
[2026-03-16T18:22:05.817+0000] {logging_mixin.py:188} INFO - [2026-03-16T18:22:05.803+0000] {dagbag.py:348} ERROR - Failed to import: /opt/airflow/dags/stock_pipelines_dag.py
Traceback (most recent call last):
  File "/home/airflow/.local/lib/python3.8/site-packages/airflow/models/dagbag.py", line 344, in parse
    loader.exec_module(new_module)
  File "<frozen importlib._bootstrap_external>", line 843, in exec_module
  File "<frozen importlib._bootstrap>", line 219, in _call_with_frames_removed
  File "/opt/airflow/dags/stock_pipelines_dag.py", line 11, in <module>
    from Pipeline.ingestion.fetch_stock_data import fetch_stock_data
ModuleNotFoundError: No module named 'Pipeline'
[2026-03-16T18:22:05.820+0000] {processor.py:842} WARNING - No viable dags retrieved from /opt/airflow/dags/stock_pipelines_dag.py
[2026-03-16T18:22:05.900+0000] {processor.py:183} INFO - Processing /opt/airflow/dags/stock_pipelines_dag.py took 0.181 seconds
[2026-03-16T18:22:36.521+0000] {processor.py:161} INFO - Started process (PID=171) to work on /opt/airflow/dags/stock_pipelines_dag.py
[2026-03-16T18:22:36.529+0000] {processor.py:830} INFO - Processing file /opt/airflow/dags/stock_pipelines_dag.py for tasks to queue
[2026-03-16T18:22:36.541+0000] {logging_mixin.py:188} INFO - [2026-03-16T18:22:36.535+0000] {dagbag.py:538} INFO - Filling up the DagBag from /opt/airflow/dags/stock_pipelines_dag.py
[2026-03-16T18:22:36.620+0000] {logging_mixin.py:188} INFO - [2026-03-16T18:22:36.605+0000] {dagbag.py:348} ERROR - Failed to import: /opt/airflow/dags/stock_pipelines_dag.py
Traceback (most recent call last):
  File "/home/airflow/.local/lib/python3.8/site-packages/airflow/models/dagbag.py", line 344, in parse
    loader.exec_module(new_module)
  File "<frozen importlib._bootstrap_external>", line 843, in exec_module
  File "<frozen importlib._bootstrap>", line 219, in _call_with_frames_removed
  File "/opt/airflow/dags/stock_pipelines_dag.py", line 11, in <module>
    from Pipeline.ingestion.fetch_stock_data import fetch_stock_data
ModuleNotFoundError: No module named 'Pipeline'
[2026-03-16T18:22:36.624+0000] {processor.py:842} WARNING - No viable dags retrieved from /opt/airflow/dags/stock_pipelines_dag.py
[2026-03-16T18:22:36.808+0000] {processor.py:183} INFO - Processing /opt/airflow/dags/stock_pipelines_dag.py took 0.329 seconds
[2026-03-16T18:23:07.179+0000] {processor.py:161} INFO - Started process (PID=176) to work on /opt/airflow/dags/stock_pipelines_dag.py
[2026-03-16T18:23:07.182+0000] {processor.py:830} INFO - Processing file /opt/airflow/dags/stock_pipelines_dag.py for tasks to queue
[2026-03-16T18:23:07.184+0000] {logging_mixin.py:188} INFO - [2026-03-16T18:23:07.184+0000] {dagbag.py:538} INFO - Filling up the DagBag from /opt/airflow/dags/stock_pipelines_dag.py
[2026-03-16T18:23:07.219+0000] {logging_mixin.py:188} INFO - [2026-03-16T18:23:07.211+0000] {dagbag.py:348} ERROR - Failed to import: /opt/airflow/dags/stock_pipelines_dag.py
Traceback (most recent call last):
  File "/home/airflow/.local/lib/python3.8/site-packages/airflow/models/dagbag.py", line 344, in parse
    loader.exec_module(new_module)
  File "<frozen importlib._bootstrap_external>", line 843, in exec_module
  File "<frozen importlib._bootstrap>", line 219, in _call_with_frames_removed
  File "/opt/airflow/dags/stock_pipelines_dag.py", line 11, in <module>
    from Pipeline.ingestion.fetch_stock_data import fetch_stock_data
ModuleNotFoundError: No module named 'Pipeline'
[2026-03-16T18:23:07.222+0000] {processor.py:842} WARNING - No viable dags retrieved from /opt/airflow/dags/stock_pipelines_dag.py
[2026-03-16T18:23:07.303+0000] {processor.py:183} INFO - Processing /opt/airflow/dags/stock_pipelines_dag.py took 0.135 seconds
[2026-03-16T18:23:37.809+0000] {processor.py:161} INFO - Started process (PID=181) to work on /opt/airflow/dags/stock_pipelines_dag.py
[2026-03-16T18:23:37.816+0000] {processor.py:830} INFO - Processing file /opt/airflow/dags/stock_pipelines_dag.py for tasks to queue
[2026-03-16T18:23:37.826+0000] {logging_mixin.py:188} INFO - [2026-03-16T18:23:37.821+0000] {dagbag.py:538} INFO - Filling up the DagBag from /opt/airflow/dags/stock_pipelines_dag.py
[2026-03-16T18:23:37.899+0000] {logging_mixin.py:188} INFO - [2026-03-16T18:23:37.888+0000] {dagbag.py:348} ERROR - Failed to import: /opt/airflow/dags/stock_pipelines_dag.py
Traceback (most recent call last):
  File "/home/airflow/.local/lib/python3.8/site-packages/airflow/models/dagbag.py", line 344, in parse
    loader.exec_module(new_module)
  File "<frozen importlib._bootstrap_external>", line 843, in exec_module
  File "<frozen importlib._bootstrap>", line 219, in _call_with_frames_removed
  File "/opt/airflow/dags/stock_pipelines_dag.py", line 11, in <module>
    from Pipeline.ingestion.fetch_stock_data import fetch_stock_data
ModuleNotFoundError: No module named 'Pipeline'
[2026-03-16T18:23:37.902+0000] {processor.py:842} WARNING - No viable dags retrieved from /opt/airflow/dags/stock_pipelines_dag.py
[2026-03-16T18:23:38.044+0000] {processor.py:183} INFO - Processing /opt/airflow/dags/stock_pipelines_dag.py took 0.290 seconds
[2026-03-16T18:24:08.166+0000] {processor.py:161} INFO - Started process (PID=186) to work on /opt/airflow/dags/stock_pipelines_dag.py
[2026-03-16T18:24:08.169+0000] {processor.py:830} INFO - Processing file /opt/airflow/dags/stock_pipelines_dag.py for tasks to queue
[2026-03-16T18:24:08.171+0000] {logging_mixin.py:188} INFO - [2026-03-16T18:24:08.170+0000] {dagbag.py:538} INFO - Filling up the DagBag from /opt/airflow/dags/stock_pipelines_dag.py
[2026-03-16T18:24:08.205+0000] {logging_mixin.py:188} INFO - [2026-03-16T18:24:08.198+0000] {dagbag.py:348} ERROR - Failed to import: /opt/airflow/dags/stock_pipelines_dag.py
Traceback (most recent call last):
  File "/home/airflow/.local/lib/python3.8/site-packages/airflow/models/dagbag.py", line 344, in parse
    loader.exec_module(new_module)
  File "<frozen importlib._bootstrap_external>", line 843, in exec_module
  File "<frozen importlib._bootstrap>", line 219, in _call_with_frames_removed
  File "/opt/airflow/dags/stock_pipelines_dag.py", line 11, in <module>
    from Pipeline.ingestion.fetch_stock_data import fetch_stock_data
ModuleNotFoundError: No module named 'Pipeline'
[2026-03-16T18:24:08.207+0000] {processor.py:842} WARNING - No viable dags retrieved from /opt/airflow/dags/stock_pipelines_dag.py
[2026-03-16T18:24:08.257+0000] {processor.py:183} INFO - Processing /opt/airflow/dags/stock_pipelines_dag.py took 0.099 seconds
[2026-03-16T18:24:38.445+0000] {processor.py:161} INFO - Started process (PID=191) to work on /opt/airflow/dags/stock_pipelines_dag.py
[2026-03-16T18:24:38.448+0000] {processor.py:830} INFO - Processing file /opt/airflow/dags/stock_pipelines_dag.py for tasks to queue
[2026-03-16T18:24:38.450+0000] {logging_mixin.py:188} INFO - [2026-03-16T18:24:38.449+0000] {dagbag.py:538} INFO - Filling up the DagBag from /opt/airflow/dags/stock_pipelines_dag.py
[2026-03-16T18:24:38.494+0000] {logging_mixin.py:188} INFO - [2026-03-16T18:24:38.487+0000] {dagbag.py:348} ERROR - Failed to import: /opt/airflow/dags/stock_pipelines_dag.py
Traceback (most recent call last):
  File "/home/airflow/.local/lib/python3.8/site-packages/airflow/models/dagbag.py", line 344, in parse
    loader.exec_module(new_module)
  File "<frozen importlib._bootstrap_external>", line 843, in exec_module
  File "<frozen importlib._bootstrap>", line 219, in _call_with_frames_removed
  File "/opt/airflow/dags/stock_pipelines_dag.py", line 11, in <module>
    from Pipeline.ingestion.fetch_stock_data import fetch_stock_data
ModuleNotFoundError: No module named 'Pipeline'
[2026-03-16T18:24:38.498+0000] {processor.py:842} WARNING - No viable dags retrieved from /opt/airflow/dags/stock_pipelines_dag.py
[2026-03-16T18:24:38.537+0000] {processor.py:183} INFO - Processing /opt/airflow/dags/stock_pipelines_dag.py took 0.099 seconds
