[2026-03-19T14:34:17.717+0000] {local_task_job_runner.py:120} INFO - ::group::Pre task execution logs
[2026-03-19T14:34:18.032+0000] {taskinstance.py:2076} INFO - Dependencies all met for dep_context=non-requeueable deps ti=<TaskInstance: stock_pipeline_dag.fetch_stock_data scheduled__2026-03-18T00:00:00+00:00 [queued]>
[2026-03-19T14:34:18.060+0000] {taskinstance.py:2076} INFO - Dependencies all met for dep_context=requeueable deps ti=<TaskInstance: stock_pipeline_dag.fetch_stock_data scheduled__2026-03-18T00:00:00+00:00 [queued]>
[2026-03-19T14:34:18.061+0000] {taskinstance.py:2306} INFO - Starting attempt 2 of 2
[2026-03-19T14:34:18.113+0000] {taskinstance.py:2330} INFO - Executing <Task(PythonOperator): fetch_stock_data> on 2026-03-18 00:00:00+00:00
[2026-03-19T14:34:18.126+0000] {standard_task_runner.py:64} INFO - Started process 232 to run task
[2026-03-19T14:34:18.131+0000] {standard_task_runner.py:90} INFO - Running: ['***', 'tasks', 'run', 'stock_pipeline_dag', 'fetch_stock_data', 'scheduled__2026-03-18T00:00:00+00:00', '--job-id', '11', '--raw', '--subdir', 'DAGS_FOLDER/stock_pipelines_dag.py', '--cfg-path', '/tmp/tmpv295fa3m']
[2026-03-19T14:34:18.136+0000] {standard_task_runner.py:91} INFO - Job 11: Subtask fetch_stock_data
[2026-03-19T14:34:18.277+0000] {task_command.py:426} INFO - Running <TaskInstance: stock_pipeline_dag.fetch_stock_data scheduled__2026-03-18T00:00:00+00:00 [running]> on host 81d5c59ad35d
[2026-03-19T14:34:18.493+0000] {taskinstance.py:2648} INFO - Exporting env vars: AIRFLOW_CTX_DAG_OWNER='***' AIRFLOW_CTX_DAG_ID='stock_pipeline_dag' AIRFLOW_CTX_TASK_ID='fetch_stock_data' AIRFLOW_CTX_EXECUTION_DATE='2026-03-18T00:00:00+00:00' AIRFLOW_CTX_TRY_NUMBER='2' AIRFLOW_CTX_DAG_RUN_ID='scheduled__2026-03-18T00:00:00+00:00'
[2026-03-19T14:34:18.494+0000] {taskinstance.py:430} INFO - ::endgroup::
[2026-03-19T14:34:26.979+0000] {taskinstance.py:441} INFO - ::group::Post task execution logs
[2026-03-19T14:34:26.980+0000] {taskinstance.py:2905} ERROR - Task failed with exception
Traceback (most recent call last):
  File "/home/airflow/.local/lib/python3.11/site-packages/airflow/models/taskinstance.py", line 465, in _execute_task
    result = _execute_callable(context=context, **execute_callable_kwargs)
             ^^^^^^^^^^^^^^^^^^^^^^^^^^^^^^^^^^^^^^^^^^^^^^^^^^^^^^^^^^^^^
  File "/home/airflow/.local/lib/python3.11/site-packages/airflow/models/taskinstance.py", line 432, in _execute_callable
    return execute_callable(context=context, **execute_callable_kwargs)
           ^^^^^^^^^^^^^^^^^^^^^^^^^^^^^^^^^^^^^^^^^^^^^^^^^^^^^^^^^^^^
  File "/home/airflow/.local/lib/python3.11/site-packages/airflow/models/baseoperator.py", line 401, in wrapper
    return func(self, *args, **kwargs)
           ^^^^^^^^^^^^^^^^^^^^^^^^^^^
  File "/home/airflow/.local/lib/python3.11/site-packages/airflow/operators/python.py", line 235, in execute
    return_value = self.execute_callable()
                   ^^^^^^^^^^^^^^^^^^^^^^^
  File "/home/airflow/.local/lib/python3.11/site-packages/airflow/operators/python.py", line 252, in execute_callable
    return self.python_callable(*self.op_args, **self.op_kwargs)
           ^^^^^^^^^^^^^^^^^^^^^^^^^^^^^^^^^^^^^^^^^^^^^^^^^^^^^
  File "/opt/airflow/dags/stock_pipelines_dag.py", line 10, in run_ingestion_safe
    run_ingestion()
  File "/opt/airflow/project/ingestion/fetch_stock_data.py", line 77, in run_ingestion
    df = fetch_stock_data(symbol)
         ^^^^^^^^^^^^^^^^^^^^^^^^
  File "/opt/airflow/project/ingestion/fetch_stock_data.py", line 8, in fetch_stock_data
    last_date = get_last_date(symbol)
                ^^^^^^^^^^^^^^^^^^^^^
  File "/opt/airflow/project/ingestion/fetch_stock_data.py", line 57, in get_last_date
    conn = get_connection()
           ^^^^^^^^^^^^^^^^
  File "/opt/airflow/project/database/db_connection.py", line 5, in get_connection
    conn = psycopg2.connect(
           ^^^^^^^^^^^^^^^^^
  File "/home/airflow/.local/lib/python3.11/site-packages/psycopg2/__init__.py", line 122, in connect
    conn = _connect(dsn, connection_factory=connection_factory, **kwasync)
           ^^^^^^^^^^^^^^^^^^^^^^^^^^^^^^^^^^^^^^^^^^^^^^^^^^^^^^^^^^^^^^^
psycopg2.OperationalError: connection to server at "localhost" (::1), port 5432 failed: Connection refused
	Is the server running on that host and accepting TCP/IP connections?
connection to server at "localhost" (127.0.0.1), port 5432 failed: Connection refused
	Is the server running on that host and accepting TCP/IP connections?

[2026-03-19T14:34:27.069+0000] {taskinstance.py:1206} INFO - Marking task as FAILED. dag_id=stock_pipeline_dag, task_id=fetch_stock_data, run_id=scheduled__2026-03-18T00:00:00+00:00, execution_date=20260318T000000, start_date=20260319T143418, end_date=20260319T143427
[2026-03-19T14:34:27.108+0000] {standard_task_runner.py:110} ERROR - Failed to execute job 11 for task fetch_stock_data (connection to server at "localhost" (::1), port 5432 failed: Connection refused
	Is the server running on that host and accepting TCP/IP connections?
connection to server at "localhost" (127.0.0.1), port 5432 failed: Connection refused
	Is the server running on that host and accepting TCP/IP connections?
; 232)
[2026-03-19T14:34:27.169+0000] {local_task_job_runner.py:243} INFO - Task exited with return code 1
[2026-03-19T14:34:27.210+0000] {taskinstance.py:3503} INFO - 0 downstream tasks scheduled from follow-on schedule check
[2026-03-19T14:34:27.218+0000] {local_task_job_runner.py:222} INFO - ::endgroup::
[2026-03-19T18:06:27.282+0000] {local_task_job_runner.py:120} INFO - ::group::Pre task execution logs
[2026-03-19T18:06:27.536+0000] {taskinstance.py:2076} INFO - Dependencies all met for dep_context=non-requeueable deps ti=<TaskInstance: stock_pipeline_dag.fetch_stock_data scheduled__2026-03-18T00:00:00+00:00 [queued]>
[2026-03-19T18:06:27.559+0000] {taskinstance.py:2076} INFO - Dependencies all met for dep_context=requeueable deps ti=<TaskInstance: stock_pipeline_dag.fetch_stock_data scheduled__2026-03-18T00:00:00+00:00 [queued]>
[2026-03-19T18:06:27.559+0000] {taskinstance.py:2306} INFO - Starting attempt 2 of 2
[2026-03-19T18:06:27.606+0000] {taskinstance.py:2330} INFO - Executing <Task(PythonOperator): fetch_stock_data> on 2026-03-18 00:00:00+00:00
[2026-03-19T18:06:27.624+0000] {standard_task_runner.py:64} INFO - Started process 248 to run task
[2026-03-19T18:06:27.632+0000] {standard_task_runner.py:90} INFO - Running: ['***', 'tasks', 'run', 'stock_pipeline_dag', 'fetch_stock_data', 'scheduled__2026-03-18T00:00:00+00:00', '--job-id', '11', '--raw', '--subdir', 'DAGS_FOLDER/stock_pipelines_dag.py', '--cfg-path', '/tmp/tmpaf220bwy']
[2026-03-19T18:06:27.641+0000] {standard_task_runner.py:91} INFO - Job 11: Subtask fetch_stock_data
[2026-03-19T18:06:27.849+0000] {task_command.py:426} INFO - Running <TaskInstance: stock_pipeline_dag.fetch_stock_data scheduled__2026-03-18T00:00:00+00:00 [running]> on host 43050641e3f2
[2026-03-19T18:06:32.059+0000] {taskinstance.py:2648} INFO - Exporting env vars: AIRFLOW_CTX_DAG_OWNER='***' AIRFLOW_CTX_DAG_ID='stock_pipeline_dag' AIRFLOW_CTX_TASK_ID='fetch_stock_data' AIRFLOW_CTX_EXECUTION_DATE='2026-03-18T00:00:00+00:00' AIRFLOW_CTX_TRY_NUMBER='2' AIRFLOW_CTX_DAG_RUN_ID='scheduled__2026-03-18T00:00:00+00:00'
[2026-03-19T18:06:32.061+0000] {taskinstance.py:430} INFO - ::endgroup::
[2026-03-19T18:06:40.708+0000] {logging_mixin.py:188} WARNING - [*********************100%***********************]  1 of 1 completed
[2026-03-19T18:06:43.697+0000] {logging_mixin.py:188} WARNING - [*********************100%***********************]  1 of 1 completed
[2026-03-19T18:06:46.303+0000] {logging_mixin.py:188} WARNING - [*********************100%***********************]  1 of 1 completed
[2026-03-19T18:06:47.676+0000] {logging_mixin.py:188} WARNING - [*********************100%***********************]  1 of 1 completed
[2026-03-19T18:06:49.193+0000] {logging_mixin.py:188} WARNING - [*********************100%***********************]  1 of 1 completed
[2026-03-19T18:06:51.589+0000] {logging_mixin.py:188} WARNING - [*********************100%***********************]  1 of 1 completed
[2026-03-19T18:06:53.776+0000] {logging_mixin.py:188} WARNING - [*********************100%***********************]  1 of 1 completed
[2026-03-19T18:06:55.099+0000] {logging_mixin.py:188} WARNING - [*********************100%***********************]  1 of 1 completed
[2026-03-19T18:06:57.432+0000] {logging_mixin.py:188} WARNING - [*********************100%***********************]  1 of 1 completed
[2026-03-19T18:06:59.019+0000] {logging_mixin.py:188} WARNING - [*********************100%***********************]  1 of 1 completed
[2026-03-19T18:06:59.617+0000] {python.py:237} INFO - Done. Returned value was: None
[2026-03-19T18:06:59.732+0000] {taskinstance.py:441} INFO - ::group::Post task execution logs
[2026-03-19T18:07:01.405+0000] {taskinstance.py:1206} INFO - Marking task as SUCCESS. dag_id=stock_pipeline_dag, task_id=fetch_stock_data, run_id=scheduled__2026-03-18T00:00:00+00:00, execution_date=20260318T000000, start_date=20260319T180627, end_date=20260319T180701
[2026-03-19T18:07:03.780+0000] {local_task_job_runner.py:243} INFO - Task exited with return code 0
[2026-03-19T18:07:05.118+0000] {taskinstance.py:3503} INFO - 0 downstream tasks scheduled from follow-on schedule check
[2026-03-19T18:07:05.130+0000] {local_task_job_runner.py:222} INFO - ::endgroup::
