[2026-03-19T19:07:03.977+0000] {local_task_job_runner.py:120} INFO - ::group::Pre task execution logs
[2026-03-19T19:07:04.361+0000] {taskinstance.py:2076} INFO - Dependencies all met for dep_context=non-requeueable deps ti=<TaskInstance: stock_pipeline_dag.predict_stock manual__2026-03-19T18:58:11+00:00 [queued]>
[2026-03-19T19:07:04.391+0000] {taskinstance.py:2076} INFO - Dependencies all met for dep_context=requeueable deps ti=<TaskInstance: stock_pipeline_dag.predict_stock manual__2026-03-19T18:58:11+00:00 [queued]>
[2026-03-19T19:07:04.392+0000] {taskinstance.py:2306} INFO - Starting attempt 1 of 2
[2026-03-19T19:07:04.428+0000] {taskinstance.py:2330} INFO - Executing <Task(PythonOperator): predict_stock> on 2026-03-19 18:58:11+00:00
[2026-03-19T19:07:04.448+0000] {standard_task_runner.py:64} INFO - Started process 369 to run task
[2026-03-19T19:07:04.455+0000] {standard_task_runner.py:90} INFO - Running: ['***', 'tasks', 'run', 'stock_pipeline_dag', 'predict_stock', 'manual__2026-03-19T18:58:11+00:00', '--job-id', '43', '--raw', '--subdir', 'DAGS_FOLDER/stock_pipelines_dag.py', '--cfg-path', '/tmp/tmpo1m2kwtr']
[2026-03-19T19:07:04.460+0000] {standard_task_runner.py:91} INFO - Job 43: Subtask predict_stock
[2026-03-19T19:07:04.595+0000] {task_command.py:426} INFO - Running <TaskInstance: stock_pipeline_dag.predict_stock manual__2026-03-19T18:58:11+00:00 [running]> on host 43050641e3f2
[2026-03-19T19:07:04.820+0000] {taskinstance.py:2648} INFO - Exporting env vars: AIRFLOW_CTX_DAG_OWNER='***' AIRFLOW_CTX_DAG_ID='stock_pipeline_dag' AIRFLOW_CTX_TASK_ID='predict_stock' AIRFLOW_CTX_EXECUTION_DATE='2026-03-19T18:58:11+00:00' AIRFLOW_CTX_TRY_NUMBER='1' AIRFLOW_CTX_DAG_RUN_ID='manual__2026-03-19T18:58:11+00:00'
[2026-03-19T19:07:04.823+0000] {taskinstance.py:430} INFO - ::endgroup::
[2026-03-19T19:07:11.021+0000] {logging_mixin.py:188} INFO - Loading latest features...
[2026-03-19T19:07:11.107+0000] {logging_mixin.py:188} WARNING - /opt/***/project/models/predict.py:20 UserWarning: pandas only supports SQLAlchemy connectable (engine/connection) or database string URI or sqlite3 DBAPI2 connection. Other DBAPI2 objects are not tested. Please consider using SQLAlchemy.
[2026-03-19T19:07:11.228+0000] {logging_mixin.py:188} INFO - Generating predictions...
[2026-03-19T19:07:15.396+0000] {logging_mixin.py:188} INFO - Storing predictions...
[2026-03-19T19:07:15.419+0000] {logging_mixin.py:188} INFO - Prediction pipeline completed.
[2026-03-19T19:07:15.420+0000] {python.py:237} INFO - Done. Returned value was: None
[2026-03-19T19:07:15.421+0000] {taskinstance.py:441} INFO - ::group::Post task execution logs
[2026-03-19T19:07:15.432+0000] {taskinstance.py:1206} INFO - Marking task as SUCCESS. dag_id=stock_pipeline_dag, task_id=predict_stock, run_id=manual__2026-03-19T18:58:11+00:00, execution_date=20260319T185811, start_date=20260319T190704, end_date=20260319T190715
[2026-03-19T19:07:15.489+0000] {local_task_job_runner.py:243} INFO - Task exited with return code 0
[2026-03-19T19:07:15.521+0000] {taskinstance.py:3503} INFO - 0 downstream tasks scheduled from follow-on schedule check
[2026-03-19T19:07:15.525+0000] {local_task_job_runner.py:222} INFO - ::endgroup::
