[2026-03-19T19:11:15.918+0000] {local_task_job_runner.py:120} INFO - ::group::Pre task execution logs
[2026-03-19T19:11:15.964+0000] {taskinstance.py:2076} INFO - Dependencies all met for dep_context=non-requeueable deps ti=<TaskInstance: stock_pipeline_dag.predict_stock manual__2026-03-19T19:10:07.164065+00:00 [queued]>
[2026-03-19T19:11:15.976+0000] {taskinstance.py:2076} INFO - Dependencies all met for dep_context=requeueable deps ti=<TaskInstance: stock_pipeline_dag.predict_stock manual__2026-03-19T19:10:07.164065+00:00 [queued]>
[2026-03-19T19:11:15.977+0000] {taskinstance.py:2306} INFO - Starting attempt 1 of 2
[2026-03-19T19:11:15.994+0000] {taskinstance.py:2330} INFO - Executing <Task(PythonOperator): predict_stock> on 2026-03-19 19:10:07.164065+00:00
[2026-03-19T19:11:16.005+0000] {standard_task_runner.py:64} INFO - Started process 480 to run task
[2026-03-19T19:11:16.009+0000] {standard_task_runner.py:90} INFO - Running: ['***', 'tasks', 'run', 'stock_pipeline_dag', 'predict_stock', 'manual__2026-03-19T19:10:07.164065+00:00', '--job-id', '47', '--raw', '--subdir', 'DAGS_FOLDER/stock_pipelines_dag.py', '--cfg-path', '/tmp/tmpg0u2c30y']
[2026-03-19T19:11:16.014+0000] {standard_task_runner.py:91} INFO - Job 47: Subtask predict_stock
[2026-03-19T19:11:16.096+0000] {task_command.py:426} INFO - Running <TaskInstance: stock_pipeline_dag.predict_stock manual__2026-03-19T19:10:07.164065+00:00 [running]> on host 43050641e3f2
[2026-03-19T19:11:16.218+0000] {taskinstance.py:2648} INFO - Exporting env vars: AIRFLOW_CTX_DAG_OWNER='***' AIRFLOW_CTX_DAG_ID='stock_pipeline_dag' AIRFLOW_CTX_TASK_ID='predict_stock' AIRFLOW_CTX_EXECUTION_DATE='2026-03-19T19:10:07.164065+00:00' AIRFLOW_CTX_TRY_NUMBER='1' AIRFLOW_CTX_DAG_RUN_ID='manual__2026-03-19T19:10:07.164065+00:00'
[2026-03-19T19:11:16.219+0000] {taskinstance.py:430} INFO - ::endgroup::
[2026-03-19T19:11:16.983+0000] {logging_mixin.py:188} INFO - Loading latest features...
[2026-03-19T19:11:16.999+0000] {logging_mixin.py:188} WARNING - /opt/***/project/models/predict.py:20 UserWarning: pandas only supports SQLAlchemy connectable (engine/connection) or database string URI or sqlite3 DBAPI2 connection. Other DBAPI2 objects are not tested. Please consider using SQLAlchemy.
[2026-03-19T19:11:17.005+0000] {logging_mixin.py:188} INFO - Generating predictions...
[2026-03-19T19:11:18.276+0000] {logging_mixin.py:188} INFO - Storing predictions...
[2026-03-19T19:11:18.298+0000] {logging_mixin.py:188} INFO - Prediction pipeline completed.
[2026-03-19T19:11:18.298+0000] {python.py:237} INFO - Done. Returned value was: None
[2026-03-19T19:11:18.299+0000] {taskinstance.py:441} INFO - ::group::Post task execution logs
[2026-03-19T19:11:18.309+0000] {taskinstance.py:1206} INFO - Marking task as SUCCESS. dag_id=stock_pipeline_dag, task_id=predict_stock, run_id=manual__2026-03-19T19:10:07.164065+00:00, execution_date=20260319T191007, start_date=20260319T191115, end_date=20260319T191118
[2026-03-19T19:11:18.370+0000] {local_task_job_runner.py:243} INFO - Task exited with return code 0
[2026-03-19T19:11:18.390+0000] {taskinstance.py:3503} INFO - 0 downstream tasks scheduled from follow-on schedule check
[2026-03-19T19:11:18.394+0000] {local_task_job_runner.py:222} INFO - ::endgroup::
