[2026-03-19T18:14:46.610+0000] {local_task_job_runner.py:120} INFO - ::group::Pre task execution logs
[2026-03-19T18:14:46.692+0000] {taskinstance.py:2076} INFO - Dependencies all met for dep_context=non-requeueable deps ti=<TaskInstance: stock_pipeline_dag.predict_stock manual__2026-03-19T18:04:02.348083+00:00 [queued]>
[2026-03-19T18:14:46.709+0000] {taskinstance.py:2076} INFO - Dependencies all met for dep_context=requeueable deps ti=<TaskInstance: stock_pipeline_dag.predict_stock manual__2026-03-19T18:04:02.348083+00:00 [queued]>
[2026-03-19T18:14:46.710+0000] {taskinstance.py:2306} INFO - Starting attempt 2 of 2
[2026-03-19T18:14:46.738+0000] {taskinstance.py:2330} INFO - Executing <Task(PythonOperator): predict_stock> on 2026-03-19 18:04:02.348083+00:00
[2026-03-19T18:14:46.754+0000] {standard_task_runner.py:64} INFO - Started process 197 to run task
[2026-03-19T18:14:46.760+0000] {standard_task_runner.py:90} INFO - Running: ['***', 'tasks', 'run', 'stock_pipeline_dag', 'predict_stock', 'manual__2026-03-19T18:04:02.348083+00:00', '--job-id', '22', '--raw', '--subdir', 'DAGS_FOLDER/stock_pipelines_dag.py', '--cfg-path', '/tmp/tmpaiw2tg2j']
[2026-03-19T18:14:46.766+0000] {standard_task_runner.py:91} INFO - Job 22: Subtask predict_stock
[2026-03-19T18:14:46.916+0000] {task_command.py:426} INFO - Running <TaskInstance: stock_pipeline_dag.predict_stock manual__2026-03-19T18:04:02.348083+00:00 [running]> on host 43050641e3f2
[2026-03-19T18:14:47.178+0000] {taskinstance.py:2648} INFO - Exporting env vars: AIRFLOW_CTX_DAG_OWNER='***' AIRFLOW_CTX_DAG_ID='stock_pipeline_dag' AIRFLOW_CTX_TASK_ID='predict_stock' AIRFLOW_CTX_EXECUTION_DATE='2026-03-19T18:04:02.348083+00:00' AIRFLOW_CTX_TRY_NUMBER='2' AIRFLOW_CTX_DAG_RUN_ID='manual__2026-03-19T18:04:02.348083+00:00'
[2026-03-19T18:14:47.190+0000] {taskinstance.py:430} INFO - ::endgroup::
[2026-03-19T18:14:50.057+0000] {logging_mixin.py:188} INFO - Loading latest features...
[2026-03-19T18:14:50.096+0000] {logging_mixin.py:188} WARNING - /opt/***/project/models/predict.py:20 UserWarning: pandas only supports SQLAlchemy connectable (engine/connection) or database string URI or sqlite3 DBAPI2 connection. Other DBAPI2 objects are not tested. Please consider using SQLAlchemy.
[2026-03-19T18:14:50.128+0000] {logging_mixin.py:188} INFO - Generating predictions...
[2026-03-19T18:14:50.129+0000] {taskinstance.py:441} INFO - ::group::Post task execution logs
[2026-03-19T18:14:50.131+0000] {taskinstance.py:2905} ERROR - Task failed with exception
Traceback (most recent call last):
  File "/home/airflow/.local/lib/python3.11/site-packages/airflow/models/taskinstance.py", line 465, in _execute_task
    result = _execute_callable(context=context, **execute_callable_kwargs)
             ^^^^^^^^^^^^^^^^^^^^^^^^^^^^^^^^^^^^^^^^^^^^^^^^^^^^^^^^^^^^^
  File "/home/airflow/.local/lib/python3.11/site-packages/airflow/models/taskinstance.py", line 432, in _execute_callable
    return execute_callable(context=context, **execute_callable_kwargs)
           ^^^^^^^^^^^^^^^^^^^^^^^^^^^^^^^^^^^^^^^^^^^^^^^^^^^^^^^^^^^^
  File "/home/airflow/.local/lib/python3.11/site-packages/airflow/models/baseoperator.py", line 401, in wrapper
    return func(self, *args, **kwargs)
           ^^^^^^^^^^^^^^^^^^^^^^^^^^^
  File "/home/airflow/.local/lib/python3.11/site-packages/airflow/operators/python.py", line 235, in execute
    return_value = self.execute_callable()
                   ^^^^^^^^^^^^^^^^^^^^^^^
  File "/home/airflow/.local/lib/python3.11/site-packages/airflow/operators/python.py", line 252, in execute_callable
    return self.python_callable(*self.op_args, **self.op_kwargs)
           ^^^^^^^^^^^^^^^^^^^^^^^^^^^^^^^^^^^^^^^^^^^^^^^^^^^^^
  File "/opt/airflow/dags/stock_pipelines_dag.py", line 23, in run_prediction_safe
    main()
  File "/opt/airflow/project/models/predict.py", line 93, in main
    df = predict(df)
         ^^^^^^^^^^^
  File "/opt/airflow/project/models/predict.py", line 31, in predict
    model = joblib.load("models/model.pkl")
            ^^^^^^^^^^^^^^^^^^^^^^^^^^^^^^^
  File "/home/airflow/.local/lib/python3.11/site-packages/joblib/numpy_pickle.py", line 735, in load
    with open(filename, "rb") as f:
         ^^^^^^^^^^^^^^^^^^^^
FileNotFoundError: [Errno 2] No such file or directory: 'models/model.pkl'
[2026-03-19T18:14:50.170+0000] {taskinstance.py:1206} INFO - Marking task as FAILED. dag_id=stock_pipeline_dag, task_id=predict_stock, run_id=manual__2026-03-19T18:04:02.348083+00:00, execution_date=20260319T180402, start_date=20260319T181446, end_date=20260319T181450
[2026-03-19T18:14:50.197+0000] {standard_task_runner.py:110} ERROR - Failed to execute job 22 for task predict_stock ([Errno 2] No such file or directory: 'models/model.pkl'; 197)
[2026-03-19T18:14:50.231+0000] {local_task_job_runner.py:243} INFO - Task exited with return code 1
[2026-03-19T18:14:50.281+0000] {taskinstance.py:3503} INFO - 0 downstream tasks scheduled from follow-on schedule check
[2026-03-19T18:14:50.287+0000] {local_task_job_runner.py:222} INFO - ::endgroup::
