[2026-03-19T18:07:08.876+0000] {local_task_job_runner.py:120} INFO - ::group::Pre task execution logs
[2026-03-19T18:07:09.553+0000] {taskinstance.py:2076} INFO - Dependencies all met for dep_context=non-requeueable deps ti=<TaskInstance: stock_pipeline_dag.feature_engineering manual__2026-03-19T18:00:48.576566+00:00 [queued]>
[2026-03-19T18:07:09.604+0000] {taskinstance.py:2076} INFO - Dependencies all met for dep_context=requeueable deps ti=<TaskInstance: stock_pipeline_dag.feature_engineering manual__2026-03-19T18:00:48.576566+00:00 [queued]>
[2026-03-19T18:07:09.606+0000] {taskinstance.py:2306} INFO - Starting attempt 1 of 2
[2026-03-19T18:07:09.686+0000] {taskinstance.py:2330} INFO - Executing <Task(PythonOperator): feature_engineering> on 2026-03-19 18:00:48.576566+00:00
[2026-03-19T18:07:09.715+0000] {standard_task_runner.py:64} INFO - Started process 302 to run task
[2026-03-19T18:07:09.783+0000] {standard_task_runner.py:90} INFO - Running: ['***', 'tasks', 'run', 'stock_pipeline_dag', 'feature_engineering', 'manual__2026-03-19T18:00:48.576566+00:00', '--job-id', '12', '--raw', '--subdir', 'DAGS_FOLDER/stock_pipelines_dag.py', '--cfg-path', '/tmp/tmpw19hp9h2']
[2026-03-19T18:07:09.833+0000] {standard_task_runner.py:91} INFO - Job 12: Subtask feature_engineering
[2026-03-19T18:07:10.311+0000] {task_command.py:426} INFO - Running <TaskInstance: stock_pipeline_dag.feature_engineering manual__2026-03-19T18:00:48.576566+00:00 [running]> on host 43050641e3f2
[2026-03-19T18:07:14.726+0000] {taskinstance.py:2648} INFO - Exporting env vars: AIRFLOW_CTX_DAG_OWNER='***' AIRFLOW_CTX_DAG_ID='stock_pipeline_dag' AIRFLOW_CTX_TASK_ID='feature_engineering' AIRFLOW_CTX_EXECUTION_DATE='2026-03-19T18:00:48.576566+00:00' AIRFLOW_CTX_TRY_NUMBER='1' AIRFLOW_CTX_DAG_RUN_ID='manual__2026-03-19T18:00:48.576566+00:00'
[2026-03-19T18:07:14.732+0000] {taskinstance.py:430} INFO - ::endgroup::
[2026-03-19T18:07:17.857+0000] {logging_mixin.py:188} WARNING - /opt/***/project/processing/feature_engineering.py:20 UserWarning: pandas only supports SQLAlchemy connectable (engine/connection) or database string URI or sqlite3 DBAPI2 connection. Other DBAPI2 objects are not tested. Please consider using SQLAlchemy.
[2026-03-19T18:07:18.259+0000] {logging_mixin.py:188} WARNING - /opt/***/project/processing/feature_engineering.py:20 UserWarning: pandas only supports SQLAlchemy connectable (engine/connection) or database string URI or sqlite3 DBAPI2 connection. Other DBAPI2 objects are not tested. Please consider using SQLAlchemy.
[2026-03-19T18:07:18.681+0000] {logging_mixin.py:188} WARNING - /opt/***/project/processing/feature_engineering.py:20 UserWarning: pandas only supports SQLAlchemy connectable (engine/connection) or database string URI or sqlite3 DBAPI2 connection. Other DBAPI2 objects are not tested. Please consider using SQLAlchemy.
[2026-03-19T18:07:19.068+0000] {logging_mixin.py:188} WARNING - /opt/***/project/processing/feature_engineering.py:20 UserWarning: pandas only supports SQLAlchemy connectable (engine/connection) or database string URI or sqlite3 DBAPI2 connection. Other DBAPI2 objects are not tested. Please consider using SQLAlchemy.
[2026-03-19T18:07:19.435+0000] {logging_mixin.py:188} WARNING - /opt/***/project/processing/feature_engineering.py:20 UserWarning: pandas only supports SQLAlchemy connectable (engine/connection) or database string URI or sqlite3 DBAPI2 connection. Other DBAPI2 objects are not tested. Please consider using SQLAlchemy.
[2026-03-19T18:07:19.875+0000] {logging_mixin.py:188} WARNING - /opt/***/project/processing/feature_engineering.py:20 UserWarning: pandas only supports SQLAlchemy connectable (engine/connection) or database string URI or sqlite3 DBAPI2 connection. Other DBAPI2 objects are not tested. Please consider using SQLAlchemy.
[2026-03-19T18:07:20.314+0000] {logging_mixin.py:188} WARNING - /opt/***/project/processing/feature_engineering.py:20 UserWarning: pandas only supports SQLAlchemy connectable (engine/connection) or database string URI or sqlite3 DBAPI2 connection. Other DBAPI2 objects are not tested. Please consider using SQLAlchemy.
[2026-03-19T18:07:20.669+0000] {logging_mixin.py:188} WARNING - /opt/***/project/processing/feature_engineering.py:20 UserWarning: pandas only supports SQLAlchemy connectable (engine/connection) or database string URI or sqlite3 DBAPI2 connection. Other DBAPI2 objects are not tested. Please consider using SQLAlchemy.
[2026-03-19T18:07:21.102+0000] {logging_mixin.py:188} WARNING - /opt/***/project/processing/feature_engineering.py:20 UserWarning: pandas only supports SQLAlchemy connectable (engine/connection) or database string URI or sqlite3 DBAPI2 connection. Other DBAPI2 objects are not tested. Please consider using SQLAlchemy.
[2026-03-19T18:07:21.636+0000] {logging_mixin.py:188} WARNING - /opt/***/project/processing/feature_engineering.py:20 UserWarning: pandas only supports SQLAlchemy connectable (engine/connection) or database string URI or sqlite3 DBAPI2 connection. Other DBAPI2 objects are not tested. Please consider using SQLAlchemy.
[2026-03-19T18:07:22.075+0000] {python.py:237} INFO - Done. Returned value was: None
[2026-03-19T18:07:22.077+0000] {taskinstance.py:441} INFO - ::group::Post task execution logs
[2026-03-19T18:07:22.093+0000] {taskinstance.py:1206} INFO - Marking task as SUCCESS. dag_id=stock_pipeline_dag, task_id=feature_engineering, run_id=manual__2026-03-19T18:00:48.576566+00:00, execution_date=20260319T180048, start_date=20260319T180709, end_date=20260319T180722
[2026-03-19T18:07:22.160+0000] {local_task_job_runner.py:243} INFO - Task exited with return code 0
[2026-03-19T18:07:22.194+0000] {taskinstance.py:3503} INFO - 1 downstream tasks scheduled from follow-on schedule check
[2026-03-19T18:07:22.198+0000] {local_task_job_runner.py:222} INFO - ::endgroup::
