[2026-03-19T18:00:53.597+0000] {local_task_job_runner.py:120} INFO - ::group::Pre task execution logs
[2026-03-19T18:00:54.447+0000] {taskinstance.py:2076} INFO - Dependencies all met for dep_context=non-requeueable deps ti=<TaskInstance: stock_pipeline_dag.fetch_stock_data manual__2026-03-19T18:00:48.576566+00:00 [queued]>
[2026-03-19T18:00:54.495+0000] {taskinstance.py:2076} INFO - Dependencies all met for dep_context=requeueable deps ti=<TaskInstance: stock_pipeline_dag.fetch_stock_data manual__2026-03-19T18:00:48.576566+00:00 [queued]>
[2026-03-19T18:00:54.497+0000] {taskinstance.py:2306} INFO - Starting attempt 1 of 2
[2026-03-19T18:00:54.569+0000] {taskinstance.py:2330} INFO - Executing <Task(PythonOperator): fetch_stock_data> on 2026-03-19 18:00:48.576566+00:00
[2026-03-19T18:00:54.615+0000] {standard_task_runner.py:64} INFO - Started process 209 to run task
[2026-03-19T18:00:54.640+0000] {standard_task_runner.py:90} INFO - Running: ['***', 'tasks', 'run', 'stock_pipeline_dag', 'fetch_stock_data', 'manual__2026-03-19T18:00:48.576566+00:00', '--job-id', '7', '--raw', '--subdir', 'DAGS_FOLDER/stock_pipelines_dag.py', '--cfg-path', '/tmp/tmprg3vzdhk']
[2026-03-19T18:00:54.658+0000] {standard_task_runner.py:91} INFO - Job 7: Subtask fetch_stock_data
[2026-03-19T18:00:55.047+0000] {task_command.py:426} INFO - Running <TaskInstance: stock_pipeline_dag.fetch_stock_data manual__2026-03-19T18:00:48.576566+00:00 [running]> on host 43050641e3f2
[2026-03-19T18:01:03.541+0000] {taskinstance.py:2648} INFO - Exporting env vars: AIRFLOW_CTX_DAG_OWNER='***' AIRFLOW_CTX_DAG_ID='stock_pipeline_dag' AIRFLOW_CTX_TASK_ID='fetch_stock_data' AIRFLOW_CTX_EXECUTION_DATE='2026-03-19T18:00:48.576566+00:00' AIRFLOW_CTX_TRY_NUMBER='1' AIRFLOW_CTX_DAG_RUN_ID='manual__2026-03-19T18:00:48.576566+00:00'
[2026-03-19T18:01:03.543+0000] {taskinstance.py:430} INFO - ::endgroup::
[2026-03-19T18:01:23.754+0000] {logging_mixin.py:188} INFO - Warning: Database connection failed: connection to server at "localhost" (::1), port 5432 failed: Connection refused
	Is the server running on that host and accepting TCP/IP connections?
connection to server at "localhost" (127.0.0.1), port 5432 failed: Connection refused
	Is the server running on that host and accepting TCP/IP connections?
[2026-03-19T18:01:23.759+0000] {taskinstance.py:441} INFO - ::group::Post task execution logs
[2026-03-19T18:01:23.774+0000] {taskinstance.py:2905} ERROR - Task failed with exception
Traceback (most recent call last):
  File "/home/airflow/.local/lib/python3.11/site-packages/airflow/models/taskinstance.py", line 465, in _execute_task
    result = _execute_callable(context=context, **execute_callable_kwargs)
             ^^^^^^^^^^^^^^^^^^^^^^^^^^^^^^^^^^^^^^^^^^^^^^^^^^^^^^^^^^^^^
  File "/home/airflow/.local/lib/python3.11/site-packages/airflow/models/taskinstance.py", line 432, in _execute_callable
    return execute_callable(context=context, **execute_callable_kwargs)
           ^^^^^^^^^^^^^^^^^^^^^^^^^^^^^^^^^^^^^^^^^^^^^^^^^^^^^^^^^^^^
  File "/home/airflow/.local/lib/python3.11/site-packages/airflow/models/baseoperator.py", line 401, in wrapper
    return func(self, *args, **kwargs)
           ^^^^^^^^^^^^^^^^^^^^^^^^^^^
  File "/home/airflow/.local/lib/python3.11/site-packages/airflow/operators/python.py", line 235, in execute
    return_value = self.execute_callable()
                   ^^^^^^^^^^^^^^^^^^^^^^^
  File "/home/airflow/.local/lib/python3.11/site-packages/airflow/operators/python.py", line 252, in execute_callable
    return self.python_callable(*self.op_args, **self.op_kwargs)
           ^^^^^^^^^^^^^^^^^^^^^^^^^^^^^^^^^^^^^^^^^^^^^^^^^^^^^
  File "/opt/airflow/dags/stock_pipelines_dag.py", line 10, in run_ingestion_safe
    run_ingestion()
  File "/opt/airflow/project/ingestion/fetch_stock_data.py", line 77, in run_ingestion
    df = fetch_stock_data(symbol)
         ^^^^^^^^^^^^^^^^^^^^^^^^
  File "/opt/airflow/project/ingestion/fetch_stock_data.py", line 8, in fetch_stock_data
    last_date = get_last_date(symbol)
                ^^^^^^^^^^^^^^^^^^^^^
  File "/opt/airflow/project/ingestion/fetch_stock_data.py", line 58, in get_last_date
    cursor = conn.cursor()
             ^^^^^^^^^^^
AttributeError: 'NoneType' object has no attribute 'cursor'
[2026-03-19T18:01:24.165+0000] {taskinstance.py:1206} INFO - Marking task as UP_FOR_RETRY. dag_id=stock_pipeline_dag, task_id=fetch_stock_data, run_id=manual__2026-03-19T18:00:48.576566+00:00, execution_date=20260319T180048, start_date=20260319T180054, end_date=20260319T180124
[2026-03-19T18:01:24.494+0000] {standard_task_runner.py:110} ERROR - Failed to execute job 7 for task fetch_stock_data ('NoneType' object has no attribute 'cursor'; 209)
[2026-03-19T18:01:25.311+0000] {local_task_job_runner.py:243} INFO - Task exited with return code 1
[2026-03-19T18:01:26.997+0000] {taskinstance.py:3503} INFO - 0 downstream tasks scheduled from follow-on schedule check
[2026-03-19T18:01:27.023+0000] {local_task_job_runner.py:222} INFO - ::endgroup::
