[2026-03-19T19:20:35.513+0000] {local_task_job_runner.py:120} INFO - ::group::Pre task execution logs
[2026-03-19T19:20:35.809+0000] {taskinstance.py:2076} INFO - Dependencies all met for dep_context=non-requeueable deps ti=<TaskInstance: stock_pipeline_dag.fetch_stock_data manual__2026-03-19T19:20:31.434799+00:00 [queued]>
[2026-03-19T19:20:35.825+0000] {taskinstance.py:2076} INFO - Dependencies all met for dep_context=requeueable deps ti=<TaskInstance: stock_pipeline_dag.fetch_stock_data manual__2026-03-19T19:20:31.434799+00:00 [queued]>
[2026-03-19T19:20:35.826+0000] {taskinstance.py:2306} INFO - Starting attempt 1 of 2
[2026-03-19T19:20:35.855+0000] {taskinstance.py:2330} INFO - Executing <Task(PythonOperator): fetch_stock_data> on 2026-03-19 19:20:31.434799+00:00
[2026-03-19T19:20:35.869+0000] {standard_task_runner.py:64} INFO - Started process 593 to run task
[2026-03-19T19:20:35.875+0000] {standard_task_runner.py:90} INFO - Running: ['***', 'tasks', 'run', 'stock_pipeline_dag', 'fetch_stock_data', 'manual__2026-03-19T19:20:31.434799+00:00', '--job-id', '48', '--raw', '--subdir', 'DAGS_FOLDER/stock_pipelines_dag.py', '--cfg-path', '/tmp/tmpso6xioo5']
[2026-03-19T19:20:35.879+0000] {standard_task_runner.py:91} INFO - Job 48: Subtask fetch_stock_data
[2026-03-19T19:20:36.007+0000] {task_command.py:426} INFO - Running <TaskInstance: stock_pipeline_dag.fetch_stock_data manual__2026-03-19T19:20:31.434799+00:00 [running]> on host 43050641e3f2
[2026-03-19T19:20:36.178+0000] {taskinstance.py:2648} INFO - Exporting env vars: AIRFLOW_CTX_DAG_OWNER='***' AIRFLOW_CTX_DAG_ID='stock_pipeline_dag' AIRFLOW_CTX_TASK_ID='fetch_stock_data' AIRFLOW_CTX_EXECUTION_DATE='2026-03-19T19:20:31.434799+00:00' AIRFLOW_CTX_TRY_NUMBER='1' AIRFLOW_CTX_DAG_RUN_ID='manual__2026-03-19T19:20:31.434799+00:00'
[2026-03-19T19:20:36.181+0000] {taskinstance.py:430} INFO - ::endgroup::
[2026-03-19T19:20:51.001+0000] {logging_mixin.py:188} WARNING - [*********************100%***********************]  1 of 1 completed
[2026-03-19T19:20:51.978+0000] {logging_mixin.py:188} WARNING - [*********************100%***********************]  1 of 1 completed
[2026-03-19T19:20:53.627+0000] {logging_mixin.py:188} WARNING - [*********************100%***********************]  1 of 1 completed
[2026-03-19T19:20:54.087+0000] {logging_mixin.py:188} WARNING - [*********************100%***********************]  1 of 1 completed
[2026-03-19T19:20:54.537+0000] {logging_mixin.py:188} WARNING - [*********************100%***********************]  1 of 1 completed
[2026-03-19T19:20:55.245+0000] {logging_mixin.py:188} WARNING - [*********************100%***********************]  1 of 1 completed
[2026-03-19T19:20:55.872+0000] {logging_mixin.py:188} WARNING - [*********************100%***********************]  1 of 1 completed
[2026-03-19T19:20:56.485+0000] {logging_mixin.py:188} WARNING - [*********************100%***********************]  1 of 1 completed
[2026-03-19T19:20:57.143+0000] {logging_mixin.py:188} WARNING - [*********************100%***********************]  1 of 1 completed
[2026-03-19T19:20:57.687+0000] {logging_mixin.py:188} WARNING - [*********************100%***********************]  1 of 1 completed
[2026-03-19T19:20:57.701+0000] {python.py:237} INFO - Done. Returned value was: None
[2026-03-19T19:20:57.712+0000] {taskinstance.py:441} INFO - ::group::Post task execution logs
[2026-03-19T19:20:57.775+0000] {taskinstance.py:1206} INFO - Marking task as SUCCESS. dag_id=stock_pipeline_dag, task_id=fetch_stock_data, run_id=manual__2026-03-19T19:20:31.434799+00:00, execution_date=20260319T192031, start_date=20260319T192035, end_date=20260319T192057
[2026-03-19T19:20:58.335+0000] {local_task_job_runner.py:243} INFO - Task exited with return code 0
[2026-03-19T19:20:58.816+0000] {taskinstance.py:3503} INFO - 0 downstream tasks scheduled from follow-on schedule check
[2026-03-19T19:20:58.822+0000] {local_task_job_runner.py:222} INFO - ::endgroup::
